<?xml version="1.0" encoding="UTF-8"?>
<testsuite xmlns:xsi="http://www.w3.org/2001/XMLSchema-instance" xsi:noNamespaceSchemaLocation="https://maven.apache.org/surefire/maven-surefire-plugin/xsd/surefire-test-report.xsd" version="3.0.2" name="backend.BackendApplicationTests" time="13.251" tests="1" errors="0" skipped="0" failures="0">
  <properties>
[...]
</properties>
  <testcase name="contextLoads" classname="backend.BackendApplicationTests" time="1.997">
    <system-out><![CDATA[18:36:58.820 [main] INFO org.springframework.test.context.support.AnnotationConfigContextLoaderUtils -- Could not detect default configuration classes for test class [backend.BackendApplicationTests]: BackendApplicationTests does not declare any static, non-private, non-final, nested classes annotated with @Configuration.
18:36:59.137 [main] INFO org.springframework.boot.test.context.SpringBootTestContextBootstrapper -- Found @SpringBootConfiguration backend.BackendApplication for test class backend.BackendApplicationTests

  .   ____          _            __ _ _
 /\\ / ___'_ __ _ _(_)_ __  __ _ \ \ \ \
( ( )\___ | '_ | '_| | '_ \/ _` | \ \ \ \
 \\/  ___)| |_)| | | | | || (_| |  ) ) ) )
  '  |____| .__|_| |_|_| |_\__, | / / / /
 =========|_|==============|___/=/_/_/_/

 :: Spring Boot ::                (v3.5.3)

2025-07-16T18:37:00.356Z  INFO 23873 --- [           main] backend.BackendApplicationTests          : Starting BackendApplicationTests using Java 21.0.3 with PID 23873 (started by cheruiyotkelvincollins in /home/cheruiyotkelvincollins/Projects/task-management-system/backend)
2025-07-16T18:37:00.358Z  INFO 23873 --- [           main] backend.BackendApplicationTests          : No active profile set, falling back to 1 default profile: "default"
2025-07-16T18:37:02.566Z  INFO 23873 --- [           main] .s.d.r.c.RepositoryConfigurationDelegate : Bootstrapping Spring Data JPA repositories in DEFAULT mode.
2025-07-16T18:37:02.633Z  INFO 23873 --- [           main] .s.d.r.c.RepositoryConfigurationDelegate : Finished Spring Data repository scanning in 34 ms. Found 0 JPA repository interfaces.
2025-07-16T18:37:04.070Z DEBUG 23873 --- [           main] o.hibernate.jpa.internal.util.LogHelper  : PersistenceUnitInfo [
	name: default
	persistence provider classname: null
	classloader: jdk.internal.loader.ClassLoaders$AppClassLoader@4f2410ac
	excludeUnlistedClasses: true
	JTA datasource: null
	Non JTA datasource: HikariDataSource (null)
	Transaction type: RESOURCE_LOCAL
	PU root URL: file:/home/cheruiyotkelvincollins/Projects/task-management-system/backend/target/test-classes/
	Shared Cache Mode: UNSPECIFIED
	Validation Mode: AUTO
	Jar files URLs []
	Managed classes names []
	Mapping files names []
	Properties []
2025-07-16T18:37:04.097Z DEBUG 23873 --- [           main] o.h.i.internal.IntegratorServiceImpl     : Adding Integrator [org.hibernate.boot.beanvalidation.BeanValidationIntegrator].
2025-07-16T18:37:04.099Z DEBUG 23873 --- [           main] o.h.i.internal.IntegratorServiceImpl     : Adding Integrator [org.hibernate.cache.internal.CollectionCacheInvalidator].
2025-07-16T18:37:04.199Z  INFO 23873 --- [           main] org.hibernate.Version                    : HHH000412: Hibernate ORM core version 6.6.18.Final
2025-07-16T18:37:04.201Z DEBUG 23873 --- [           main] org.hibernate.cfg.Environment            : HHH000206: 'hibernate.properties' not found
2025-07-16T18:37:04.233Z DEBUG 23873 --- [           main] org.hibernate.orm.idgen.factory          : Registering IdentifierGenerator strategy [uuid2] -> [org.hibernate.id.UUIDGenerator]
2025-07-16T18:37:04.234Z DEBUG 23873 --- [           main] org.hibernate.orm.idgen.factory          : Registering IdentifierGenerator strategy [guid] -> [org.hibernate.id.GUIDGenerator]
2025-07-16T18:37:04.235Z DEBUG 23873 --- [           main] org.hibernate.orm.idgen.factory          : Registering IdentifierGenerator strategy [uuid] -> [org.hibernate.id.UUIDHexGenerator]
2025-07-16T18:37:04.236Z DEBUG 23873 --- [           main] org.hibernate.orm.idgen.factory          : Registering IdentifierGenerator strategy [uuid.hex] -> [org.hibernate.id.UUIDHexGenerator]
2025-07-16T18:37:04.237Z DEBUG 23873 --- [           main] org.hibernate.orm.idgen.factory          : Registering IdentifierGenerator strategy [assigned] -> [org.hibernate.id.Assigned]
2025-07-16T18:37:04.238Z DEBUG 23873 --- [           main] org.hibernate.orm.idgen.factory          : Registering IdentifierGenerator strategy [identity] -> [org.hibernate.id.IdentityGenerator]
2025-07-16T18:37:04.239Z DEBUG 23873 --- [           main] org.hibernate.orm.idgen.factory          : Registering IdentifierGenerator strategy [select] -> [org.hibernate.id.SelectGenerator]
2025-07-16T18:37:04.240Z DEBUG 23873 --- [           main] org.hibernate.orm.idgen.factory          : Registering IdentifierGenerator strategy [sequence] -> [org.hibernate.id.enhanced.SequenceStyleGenerator]
2025-07-16T18:37:04.242Z DEBUG 23873 --- [           main] org.hibernate.orm.idgen.factory          : Registering IdentifierGenerator strategy [increment] -> [org.hibernate.id.IncrementGenerator]
2025-07-16T18:37:04.243Z DEBUG 23873 --- [           main] org.hibernate.orm.idgen.factory          : Registering IdentifierGenerator strategy [foreign] -> [org.hibernate.id.ForeignGenerator]
2025-07-16T18:37:04.243Z DEBUG 23873 --- [           main] org.hibernate.orm.idgen.factory          : Registering IdentifierGenerator strategy [enhanced-sequence] -> [org.hibernate.id.enhanced.SequenceStyleGenerator]
2025-07-16T18:37:04.245Z DEBUG 23873 --- [           main] org.hibernate.orm.idgen.factory          : Registering IdentifierGenerator strategy [enhanced-table] -> [org.hibernate.id.enhanced.TableGenerator]
2025-07-16T18:37:04.255Z DEBUG 23873 --- [           main] o.h.c.internal.RegionFactoryInitiator    : Cannot default RegionFactory based on registered strategies as `[]` RegionFactory strategies were registered
2025-07-16T18:37:04.256Z  INFO 23873 --- [           main] o.h.c.internal.RegionFactoryInitiator    : HHH000026: Second-level cache disabled
2025-07-16T18:37:04.490Z DEBUG 23873 --- [           main] org.hibernate.type.BasicTypeRegistry     : Adding type registration boolean -> org.hibernate.type.BasicTypeReference@6de004f1
2025-07-16T18:37:04.492Z DEBUG 23873 --- [           main] org.hibernate.type.BasicTypeRegistry     : Adding type registration boolean -> org.hibernate.type.BasicTypeReference@6de004f1
2025-07-16T18:37:04.493Z DEBUG 23873 --- [           main] org.hibernate.type.BasicTypeRegistry     : Adding type registration java.lang.Boolean -> org.hibernate.type.BasicTypeReference@6de004f1
2025-07-16T18:37:04.495Z DEBUG 23873 --- [           main] org.hibernate.type.BasicTypeRegistry     : Adding type registration numeric_boolean -> org.hibernate.type.BasicTypeReference@45d56062
2025-07-16T18:37:04.495Z DEBUG 23873 --- [           main] org.hibernate.type.BasicTypeRegistry     : Adding type registration org.hibernate.type.NumericBooleanConverter -> org.hibernate.type.BasicTypeReference@45d56062
2025-07-16T18:37:04.498Z DEBUG 23873 --- [           main] org.hibernate.type.BasicTypeRegistry     : Adding type registration true_false -> org.hibernate.type.BasicTypeReference@4026461d
2025-07-16T18:37:04.499Z DEBUG 23873 --- [           main] org.hibernate.type.BasicTypeRegistry     : Adding type registration org.hibernate.type.TrueFalseConverter -> org.hibernate.type.BasicTypeReference@4026461d
2025-07-16T18:37:04.499Z DEBUG 23873 --- [           main] org.hibernate.type.BasicTypeRegistry     : Adding type registration yes_no -> org.hibernate.type.BasicTypeReference@191c6e13
2025-07-16T18:37:04.499Z DEBUG 23873 --- [           main] org.hibernate.type.BasicTypeRegistry     : Adding type registration org.hibernate.type.YesNoConverter -> org.hibernate.type.BasicTypeReference@191c6e13
2025-07-16T18:37:04.500Z DEBUG 23873 --- [           main] org.hibernate.type.BasicTypeRegistry     : Adding type registration byte -> org.hibernate.type.BasicTypeReference@7436364d
2025-07-16T18:37:04.502Z DEBUG 23873 --- [           main] org.hibernate.type.BasicTypeRegistry     : Adding type registration byte -> org.hibernate.type.BasicTypeReference@7436364d
2025-07-16T18:37:04.503Z DEBUG 23873 --- [           main] org.hibernate.type.BasicTypeRegistry     : Adding type registration java.lang.Byte -> org.hibernate.type.BasicTypeReference@7436364d
2025-07-16T18:37:04.506Z DEBUG 23873 --- [           main] org.hibernate.type.BasicTypeRegistry     : Adding type registration binary -> org.hibernate.type.BasicTypeReference@1a8e9ed9
2025-07-16T18:37:04.507Z DEBUG 23873 --- [           main] org.hibernate.type.BasicTypeRegistry     : Adding type registration byte[] -> org.hibernate.type.BasicTypeReference@1a8e9ed9
2025-07-16T18:37:04.507Z DEBUG 23873 --- [           main] org.hibernate.type.BasicTypeRegistry     : Adding type registration [B -> org.hibernate.type.BasicTypeReference@1a8e9ed9
2025-07-16T18:37:04.507Z DEBUG 23873 --- [           main] org.hibernate.type.BasicTypeRegistry     : Adding type registration binary_wrapper -> org.hibernate.type.BasicTypeReference@68ea253b
2025-07-16T18:37:04.508Z DEBUG 23873 --- [           main] org.hibernate.type.BasicTypeRegistry     : Adding type registration wrapper-binary -> org.hibernate.type.BasicTypeReference@68ea253b
2025-07-16T18:37:04.511Z DEBUG 23873 --- [           main] org.hibernate.type.BasicTypeRegistry     : Adding type registration image -> org.hibernate.type.BasicTypeReference@12fcb2c3
2025-07-16T18:37:04.514Z DEBUG 23873 --- [           main] org.hibernate.type.BasicTypeRegistry     : Adding type registration blob -> org.hibernate.type.BasicTypeReference@57bd6a8f
2025-07-16T18:37:04.514Z DEBUG 23873 --- [           main] org.hibernate.type.BasicTypeRegistry     : Adding type registration java.sql.Blob -> org.hibernate.type.BasicTypeReference@57bd6a8f
2025-07-16T18:37:04.515Z DEBUG 23873 --- [           main] org.hibernate.type.BasicTypeRegistry     : Adding type registration materialized_blob -> org.hibernate.type.BasicTypeReference@39ab5ef7
2025-07-16T18:37:04.515Z DEBUG 23873 --- [           main] org.hibernate.type.BasicTypeRegistry     : Adding type registration materialized_blob_wrapper -> org.hibernate.type.BasicTypeReference@517704
2025-07-16T18:37:04.516Z DEBUG 23873 --- [           main] org.hibernate.type.BasicTypeRegistry     : Adding type registration short -> org.hibernate.type.BasicTypeReference@77cca767
2025-07-16T18:37:04.519Z DEBUG 23873 --- [           main] org.hibernate.type.BasicTypeRegistry     : Adding type registration short -> org.hibernate.type.BasicTypeReference@77cca767
2025-07-16T18:37:04.520Z DEBUG 23873 --- [           main] org.hibernate.type.BasicTypeRegistry     : Adding type registration java.lang.Short -> org.hibernate.type.BasicTypeReference@77cca767
2025-07-16T18:37:04.520Z DEBUG 23873 --- [           main] org.hibernate.type.BasicTypeRegistry     : Adding type registration integer -> org.hibernate.type.BasicTypeReference@4b195203
2025-07-16T18:37:04.520Z DEBUG 23873 --- [           main] org.hibernate.type.BasicTypeRegistry     : Adding type registration int -> org.hibernate.type.BasicTypeReference@4b195203
2025-07-16T18:37:04.520Z DEBUG 23873 --- [           main] org.hibernate.type.BasicTypeRegistry     : Adding type registration java.lang.Integer -> org.hibernate.type.BasicTypeReference@4b195203
2025-07-16T18:37:04.521Z DEBUG 23873 --- [           main] org.hibernate.type.BasicTypeRegistry     : Adding type registration long -> org.hibernate.type.BasicTypeReference@28a6e171
2025-07-16T18:37:04.521Z DEBUG 23873 --- [           main] org.hibernate.type.BasicTypeRegistry     : Adding type registration long -> org.hibernate.type.BasicTypeReference@28a6e171
2025-07-16T18:37:04.521Z DEBUG 23873 --- [           main] org.hibernate.type.BasicTypeRegistry     : Adding type registration java.lang.Long -> org.hibernate.type.BasicTypeReference@28a6e171
2025-07-16T18:37:04.521Z DEBUG 23873 --- [           main] org.hibernate.type.BasicTypeRegistry     : Adding type registration float -> org.hibernate.type.BasicTypeReference@23444a36
2025-07-16T18:37:04.521Z DEBUG 23873 --- [           main] org.hibernate.type.BasicTypeRegistry     : Adding type registration float -> org.hibernate.type.BasicTypeReference@23444a36
2025-07-16T18:37:04.522Z DEBUG 23873 --- [           main] org.hibernate.type.BasicTypeRegistry     : Adding type registration java.lang.Float -> org.hibernate.type.BasicTypeReference@23444a36
2025-07-16T18:37:04.527Z DEBUG 23873 --- [           main] org.hibernate.type.BasicTypeRegistry     : Adding type registration double -> org.hibernate.type.BasicTypeReference@31a136a6
2025-07-16T18:37:04.529Z DEBUG 23873 --- [           main] org.hibernate.type.BasicTypeRegistry     : Adding type registration double -> org.hibernate.type.BasicTypeReference@31a136a6
2025-07-16T18:37:04.529Z DEBUG 23873 --- [           main] org.hibernate.type.BasicTypeRegistry     : Adding type registration java.lang.Double -> org.hibernate.type.BasicTypeReference@31a136a6
2025-07-16T18:37:04.530Z DEBUG 23873 --- [           main] org.hibernate.type.BasicTypeRegistry     : Adding type registration big_integer -> org.hibernate.type.BasicTypeReference@30a9e3db
2025-07-16T18:37:04.530Z DEBUG 23873 --- [           main] org.hibernate.type.BasicTypeRegistry     : Adding type registration java.math.BigInteger -> org.hibernate.type.BasicTypeReference@30a9e3db
2025-07-16T18:37:04.530Z DEBUG 23873 --- [           main] org.hibernate.type.BasicTypeRegistry     : Adding type registration big_decimal -> org.hibernate.type.BasicTypeReference@2f9b21d6
2025-07-16T18:37:04.531Z DEBUG 23873 --- [           main] org.hibernate.type.BasicTypeRegistry     : Adding type registration java.math.BigDecimal -> org.hibernate.type.BasicTypeReference@2f9b21d6
2025-07-16T18:37:04.542Z DEBUG 23873 --- [           main] org.hibernate.type.BasicTypeRegistry     : Adding type registration character -> org.hibernate.type.BasicTypeReference@2e0fdbe9
2025-07-16T18:37:04.545Z DEBUG 23873 --- [           main] org.hibernate.type.BasicTypeRegistry     : Adding type registration char -> org.hibernate.type.BasicTypeReference@2e0fdbe9
2025-07-16T18:37:04.546Z DEBUG 23873 --- [           main] org.hibernate.type.BasicTypeRegistry     : Adding type registration java.lang.Character -> org.hibernate.type.BasicTypeReference@2e0fdbe9
2025-07-16T18:37:04.546Z DEBUG 23873 --- [           main] org.hibernate.type.BasicTypeRegistry     : Adding type registration character_nchar -> org.hibernate.type.BasicTypeReference@16a3cc88
2025-07-16T18:37:04.546Z DEBUG 23873 --- [           main] org.hibernate.type.BasicTypeRegistry     : Adding type registration string -> org.hibernate.type.BasicTypeReference@696b52bc
2025-07-16T18:37:04.546Z DEBUG 23873 --- [           main] org.hibernate.type.BasicTypeRegistry     : Adding type registration java.lang.String -> org.hibernate.type.BasicTypeReference@696b52bc
2025-07-16T18:37:04.547Z DEBUG 23873 --- [           main] org.hibernate.type.BasicTypeRegistry     : Adding type registration nstring -> org.hibernate.type.BasicTypeReference@1f884bd6
2025-07-16T18:37:04.556Z DEBUG 23873 --- [           main] org.hibernate.type.BasicTypeRegistry     : Adding type registration characters -> org.hibernate.type.BasicTypeReference@4f081b5d
2025-07-16T18:37:04.561Z DEBUG 23873 --- [           main] org.hibernate.type.BasicTypeRegistry     : Adding type registration char[] -> org.hibernate.type.BasicTypeReference@4f081b5d
2025-07-16T18:37:04.562Z DEBUG 23873 --- [           main] org.hibernate.type.BasicTypeRegistry     : Adding type registration [C -> org.hibernate.type.BasicTypeReference@4f081b5d
2025-07-16T18:37:04.562Z DEBUG 23873 --- [           main] org.hibernate.type.BasicTypeRegistry     : Adding type registration wrapper-characters -> org.hibernate.type.BasicTypeReference@474749b8
2025-07-16T18:37:04.562Z DEBUG 23873 --- [           main] org.hibernate.type.BasicTypeRegistry     : Adding type registration text -> org.hibernate.type.BasicTypeReference@740a0d5e
2025-07-16T18:37:04.562Z DEBUG 23873 --- [           main] org.hibernate.type.BasicTypeRegistry     : Adding type registration ntext -> org.hibernate.type.BasicTypeReference@29013ef2
2025-07-16T18:37:04.563Z DEBUG 23873 --- [           main] org.hibernate.type.BasicTypeRegistry     : Adding type registration clob -> org.hibernate.type.BasicTypeReference@265c1a7c
2025-07-16T18:37:04.566Z DEBUG 23873 --- [           main] org.hibernate.type.BasicTypeRegistry     : Adding type registration java.sql.Clob -> org.hibernate.type.BasicTypeReference@265c1a7c
2025-07-16T18:37:04.567Z DEBUG 23873 --- [           main] org.hibernate.type.BasicTypeRegistry     : Adding type registration nclob -> org.hibernate.type.BasicTypeReference@5b2b8d86
2025-07-16T18:37:04.567Z DEBUG 23873 --- [           main] org.hibernate.type.BasicTypeRegistry     : Adding type registration java.sql.NClob -> org.hibernate.type.BasicTypeReference@5b2b8d86
2025-07-16T18:37:04.568Z DEBUG 23873 --- [           main] org.hibernate.type.BasicTypeRegistry     : Adding type registration materialized_clob -> org.hibernate.type.BasicTypeReference@7fef0b40
2025-07-16T18:37:04.568Z DEBUG 23873 --- [           main] org.hibernate.type.BasicTypeRegistry     : Adding type registration materialized_clob_char_array -> org.hibernate.type.BasicTypeReference@5f395ce1
2025-07-16T18:37:04.569Z DEBUG 23873 --- [           main] org.hibernate.type.BasicTypeRegistry     : Adding type registration materialized_clob_character_array -> org.hibernate.type.BasicTypeReference@19f02280
2025-07-16T18:37:04.570Z DEBUG 23873 --- [           main] org.hibernate.type.BasicTypeRegistry     : Adding type registration materialized_nclob -> org.hibernate.type.BasicTypeReference@1e30db85
2025-07-16T18:37:04.576Z DEBUG 23873 --- [           main] org.hibernate.type.BasicTypeRegistry     : Adding type registration materialized_nclob_character_array -> org.hibernate.type.BasicTypeReference@19827608
2025-07-16T18:37:04.577Z DEBUG 23873 --- [           main] org.hibernate.type.BasicTypeRegistry     : Adding type registration materialized_nclob_char_array -> org.hibernate.type.BasicTypeReference@cc9ef8d
2025-07-16T18:37:04.578Z DEBUG 23873 --- [           main] org.hibernate.type.BasicTypeRegistry     : Adding type registration Duration -> org.hibernate.type.BasicTypeReference@14b528b6
2025-07-16T18:37:04.581Z DEBUG 23873 --- [           main] org.hibernate.type.BasicTypeRegistry     : Adding type registration java.time.Duration -> org.hibernate.type.BasicTypeReference@14b528b6
2025-07-16T18:37:04.582Z DEBUG 23873 --- [           main] org.hibernate.type.BasicTypeRegistry     : Adding type registration LocalDateTime -> org.hibernate.type.BasicTypeReference@c412556
2025-07-16T18:37:04.585Z DEBUG 23873 --- [           main] org.hibernate.type.BasicTypeRegistry     : Adding type registration java.time.LocalDateTime -> org.hibernate.type.BasicTypeReference@c412556
2025-07-16T18:37:04.585Z DEBUG 23873 --- [           main] org.hibernate.type.BasicTypeRegistry     : Adding type registration LocalDate -> org.hibernate.type.BasicTypeReference@6f930e0
2025-07-16T18:37:04.586Z DEBUG 23873 --- [           main] org.hibernate.type.BasicTypeRegistry     : Adding type registration java.time.LocalDate -> org.hibernate.type.BasicTypeReference@6f930e0
2025-07-16T18:37:04.586Z DEBUG 23873 --- [           main] org.hibernate.type.BasicTypeRegistry     : Adding type registration LocalTime -> org.hibernate.type.BasicTypeReference@450f0235
2025-07-16T18:37:04.586Z DEBUG 23873 --- [           main] org.hibernate.type.BasicTypeRegistry     : Adding type registration java.time.LocalTime -> org.hibernate.type.BasicTypeReference@450f0235
2025-07-16T18:37:04.587Z DEBUG 23873 --- [           main] org.hibernate.type.BasicTypeRegistry     : Adding type registration OffsetDateTime -> org.hibernate.type.BasicTypeReference@78c262ba
2025-07-16T18:37:04.587Z DEBUG 23873 --- [           main] org.hibernate.type.BasicTypeRegistry     : Adding type registration java.time.OffsetDateTime -> org.hibernate.type.BasicTypeReference@78c262ba
2025-07-16T18:37:04.587Z DEBUG 23873 --- [           main] org.hibernate.type.BasicTypeRegistry     : Adding type registration OffsetDateTimeWithTimezone -> org.hibernate.type.BasicTypeReference@7d2c9361
2025-07-16T18:37:04.587Z DEBUG 23873 --- [           main] org.hibernate.type.BasicTypeRegistry     : Adding type registration OffsetDateTimeWithoutTimezone -> org.hibernate.type.BasicTypeReference@329dc214
2025-07-16T18:37:04.587Z DEBUG 23873 --- [           main] org.hibernate.type.BasicTypeRegistry     : Adding type registration OffsetTime -> org.hibernate.type.BasicTypeReference@fbe70d8
2025-07-16T18:37:04.588Z DEBUG 23873 --- [           main] org.hibernate.type.BasicTypeRegistry     : Adding type registration java.time.OffsetTime -> org.hibernate.type.BasicTypeReference@fbe70d8
2025-07-16T18:37:04.593Z DEBUG 23873 --- [           main] org.hibernate.type.BasicTypeRegistry     : Adding type registration OffsetTimeUtc -> org.hibernate.type.BasicTypeReference@64021427
2025-07-16T18:37:04.594Z DEBUG 23873 --- [           main] org.hibernate.type.BasicTypeRegistry     : Adding type registration OffsetTimeWithTimezone -> org.hibernate.type.BasicTypeReference@7d2c345d
2025-07-16T18:37:04.594Z DEBUG 23873 --- [           main] org.hibernate.type.BasicTypeRegistry     : Adding type registration OffsetTimeWithoutTimezone -> org.hibernate.type.BasicTypeReference@217dc48e
2025-07-16T18:37:04.594Z DEBUG 23873 --- [           main] org.hibernate.type.BasicTypeRegistry     : Adding type registration ZonedDateTime -> org.hibernate.type.BasicTypeReference@5db948c9
2025-07-16T18:37:04.595Z DEBUG 23873 --- [           main] org.hibernate.type.BasicTypeRegistry     : Adding type registration java.time.ZonedDateTime -> org.hibernate.type.BasicTypeReference@5db948c9
2025-07-16T18:37:04.595Z DEBUG 23873 --- [           main] org.hibernate.type.BasicTypeRegistry     : Adding type registration ZonedDateTimeWithTimezone -> org.hibernate.type.BasicTypeReference@296edc75
2025-07-16T18:37:04.595Z DEBUG 23873 --- [           main] org.hibernate.type.BasicTypeRegistry     : Adding type registration ZonedDateTimeWithoutTimezone -> org.hibernate.type.BasicTypeReference@357c9bd9
2025-07-16T18:37:04.595Z DEBUG 23873 --- [           main] org.hibernate.type.BasicTypeRegistry     : Adding type registration date -> org.hibernate.type.BasicTypeReference@7aea704c
2025-07-16T18:37:04.596Z DEBUG 23873 --- [           main] org.hibernate.type.BasicTypeRegistry     : Adding type registration java.sql.Date -> org.hibernate.type.BasicTypeReference@7aea704c
2025-07-16T18:37:04.599Z DEBUG 23873 --- [           main] org.hibernate.type.BasicTypeRegistry     : Adding type registration time -> org.hibernate.type.BasicTypeReference@6d0290d8
2025-07-16T18:37:04.600Z DEBUG 23873 --- [           main] org.hibernate.type.BasicTypeRegistry     : Adding type registration java.sql.Time -> org.hibernate.type.BasicTypeReference@6d0290d8
2025-07-16T18:37:04.600Z DEBUG 23873 --- [           main] org.hibernate.type.BasicTypeRegistry     : Adding type registration timestamp -> org.hibernate.type.BasicTypeReference@32507479
2025-07-16T18:37:04.600Z DEBUG 23873 --- [           main] org.hibernate.type.BasicTypeRegistry     : Adding type registration java.sql.Timestamp -> org.hibernate.type.BasicTypeReference@32507479
2025-07-16T18:37:04.601Z DEBUG 23873 --- [           main] org.hibernate.type.BasicTypeRegistry     : Adding type registration java.util.Date -> org.hibernate.type.BasicTypeReference@32507479
2025-07-16T18:37:04.601Z DEBUG 23873 --- [           main] org.hibernate.type.BasicTypeRegistry     : Adding type registration calendar -> org.hibernate.type.BasicTypeReference@632383b9
2025-07-16T18:37:04.602Z DEBUG 23873 --- [           main] org.hibernate.type.BasicTypeRegistry     : Adding type registration java.util.Calendar -> org.hibernate.type.BasicTypeReference@632383b9
2025-07-16T18:37:04.602Z DEBUG 23873 --- [           main] org.hibernate.type.BasicTypeRegistry     : Adding type registration java.util.GregorianCalendar -> org.hibernate.type.BasicTypeReference@632383b9
2025-07-16T18:37:04.602Z DEBUG 23873 --- [           main] org.hibernate.type.BasicTypeRegistry     : Adding type registration calendar_date -> org.hibernate.type.BasicTypeReference@4ae2e781
2025-07-16T18:37:04.603Z DEBUG 23873 --- [           main] org.hibernate.type.BasicTypeRegistry     : Adding type registration calendar_time -> org.hibernate.type.BasicTypeReference@339f3a55
2025-07-16T18:37:04.603Z DEBUG 23873 --- [           main] org.hibernate.type.BasicTypeRegistry     : Adding type registration instant -> org.hibernate.type.BasicTypeReference@2dd63e3
2025-07-16T18:37:04.604Z DEBUG 23873 --- [           main] org.hibernate.type.BasicTypeRegistry     : Adding type registration java.time.Instant -> org.hibernate.type.BasicTypeReference@2dd63e3
2025-07-16T18:37:04.604Z DEBUG 23873 --- [           main] org.hibernate.type.BasicTypeRegistry     : Adding type registration uuid -> org.hibernate.type.BasicTypeReference@7d1c164a
2025-07-16T18:37:04.604Z DEBUG 23873 --- [           main] org.hibernate.type.BasicTypeRegistry     : Adding type registration java.util.UUID -> org.hibernate.type.BasicTypeReference@7d1c164a
2025-07-16T18:37:04.605Z DEBUG 23873 --- [           main] org.hibernate.type.BasicTypeRegistry     : Adding type registration pg-uuid -> org.hibernate.type.BasicTypeReference@7d1c164a
2025-07-16T18:37:04.605Z DEBUG 23873 --- [           main] org.hibernate.type.BasicTypeRegistry     : Adding type registration uuid-binary -> org.hibernate.type.BasicTypeReference@209f3887
2025-07-16T18:37:04.605Z DEBUG 23873 --- [           main] org.hibernate.type.BasicTypeRegistry     : Adding type registration uuid-char -> org.hibernate.type.BasicTypeReference@6a98f353
2025-07-16T18:37:04.606Z DEBUG 23873 --- [           main] org.hibernate.type.BasicTypeRegistry     : Adding type registration class -> org.hibernate.type.BasicTypeReference@3b35798
2025-07-16T18:37:04.606Z DEBUG 23873 --- [           main] org.hibernate.type.BasicTypeRegistry     : Adding type registration java.lang.Class -> org.hibernate.type.BasicTypeReference@3b35798
2025-07-16T18:37:04.606Z DEBUG 23873 --- [           main] org.hibernate.type.BasicTypeRegistry     : Adding type registration currency -> org.hibernate.type.BasicTypeReference@1e00bfe2
2025-07-16T18:37:04.613Z DEBUG 23873 --- [           main] org.hibernate.type.BasicTypeRegistry     : Adding type registration Currency -> org.hibernate.type.BasicTypeReference@1e00bfe2
2025-07-16T18:37:04.614Z DEBUG 23873 --- [           main] org.hibernate.type.BasicTypeRegistry     : Adding type registration java.util.Currency -> org.hibernate.type.BasicTypeReference@1e00bfe2
2025-07-16T18:37:04.614Z DEBUG 23873 --- [           main] org.hibernate.type.BasicTypeRegistry     : Adding type registration locale -> org.hibernate.type.BasicTypeReference@6a2d867d
2025-07-16T18:37:04.614Z DEBUG 23873 --- [           main] org.hibernate.type.BasicTypeRegistry     : Adding type registration java.util.Locale -> org.hibernate.type.BasicTypeReference@6a2d867d
2025-07-16T18:37:04.615Z DEBUG 23873 --- [           main] org.hibernate.type.BasicTypeRegistry     : Adding type registration serializable -> org.hibernate.type.BasicTypeReference@73bb1337
2025-07-16T18:37:04.619Z DEBUG 23873 --- [           main] org.hibernate.type.BasicTypeRegistry     : Adding type registration java.io.Serializable -> org.hibernate.type.BasicTypeReference@73bb1337
2025-07-16T18:37:04.619Z DEBUG 23873 --- [           main] org.hibernate.type.BasicTypeRegistry     : Adding type registration timezone -> org.hibernate.type.BasicTypeReference@685f5d0d
2025-07-16T18:37:04.619Z DEBUG 23873 --- [           main] org.hibernate.type.BasicTypeRegistry     : Adding type registration java.util.TimeZone -> org.hibernate.type.BasicTypeReference@685f5d0d
2025-07-16T18:37:04.620Z DEBUG 23873 --- [           main] org.hibernate.type.BasicTypeRegistry     : Adding type registration ZoneOffset -> org.hibernate.type.BasicTypeReference@3830b06c
2025-07-16T18:37:04.620Z DEBUG 23873 --- [           main] org.hibernate.type.BasicTypeRegistry     : Adding type registration java.time.ZoneOffset -> org.hibernate.type.BasicTypeReference@3830b06c
2025-07-16T18:37:04.620Z DEBUG 23873 --- [           main] org.hibernate.type.BasicTypeRegistry     : Adding type registration url -> org.hibernate.type.BasicTypeReference@3e28d779
2025-07-16T18:37:04.620Z DEBUG 23873 --- [           main] org.hibernate.type.BasicTypeRegistry     : Adding type registration java.net.URL -> org.hibernate.type.BasicTypeReference@3e28d779
2025-07-16T18:37:04.621Z DEBUG 23873 --- [           main] org.hibernate.type.BasicTypeRegistry     : Adding type registration vector -> org.hibernate.type.BasicTypeReference@15214920
2025-07-16T18:37:04.626Z DEBUG 23873 --- [           main] org.hibernate.type.BasicTypeRegistry     : Adding type registration float_vector -> org.hibernate.type.BasicTypeReference@784d9bc
2025-07-16T18:37:04.627Z DEBUG 23873 --- [           main] org.hibernate.type.BasicTypeRegistry     : Adding type registration double_vector -> org.hibernate.type.BasicTypeReference@3a0aaaf0
2025-07-16T18:37:04.627Z DEBUG 23873 --- [           main] org.hibernate.type.BasicTypeRegistry     : Adding type registration byte_vector -> org.hibernate.type.BasicTypeReference@426131d7
2025-07-16T18:37:04.628Z DEBUG 23873 --- [           main] org.hibernate.type.BasicTypeRegistry     : Adding type registration row_version -> org.hibernate.type.BasicTypeReference@5d9618f2
2025-07-16T18:37:04.655Z DEBUG 23873 --- [           main] org.hibernate.type.BasicTypeRegistry     : Adding type registration object -> org.hibernate.type.JavaObjectType@13250132
2025-07-16T18:37:04.655Z DEBUG 23873 --- [           main] org.hibernate.type.BasicTypeRegistry     : Adding type registration java.lang.Object -> org.hibernate.type.JavaObjectType@13250132
2025-07-16T18:37:04.660Z DEBUG 23873 --- [           main] org.hibernate.type.BasicTypeRegistry     : Adding type registration null -> org.hibernate.type.NullType@57151b3a
2025-07-16T18:37:04.660Z DEBUG 23873 --- [           main] org.hibernate.type.BasicTypeRegistry     : Adding type registration imm_date -> org.hibernate.type.BasicTypeReference@26457986
2025-07-16T18:37:04.662Z DEBUG 23873 --- [           main] org.hibernate.type.BasicTypeRegistry     : Adding type registration imm_time -> org.hibernate.type.BasicTypeReference@2dff7085
2025-07-16T18:37:04.662Z DEBUG 23873 --- [           main] org.hibernate.type.BasicTypeRegistry     : Adding type registration imm_timestamp -> org.hibernate.type.BasicTypeReference@2faa55bb
2025-07-16T18:37:04.662Z DEBUG 23873 --- [           main] org.hibernate.type.BasicTypeRegistry     : Adding type registration imm_calendar -> org.hibernate.type.BasicTypeReference@501957bf
2025-07-16T18:37:04.663Z DEBUG 23873 --- [           main] org.hibernate.type.BasicTypeRegistry     : Adding type registration imm_calendar_date -> org.hibernate.type.BasicTypeReference@5d1d9d73
2025-07-16T18:37:04.667Z DEBUG 23873 --- [           main] org.hibernate.type.BasicTypeRegistry     : Adding type registration imm_calendar_time -> org.hibernate.type.BasicTypeReference@b30a50d
2025-07-16T18:37:04.667Z DEBUG 23873 --- [           main] org.hibernate.type.BasicTypeRegistry     : Adding type registration imm_binary -> org.hibernate.type.BasicTypeReference@764a3e5d
2025-07-16T18:37:04.667Z DEBUG 23873 --- [           main] org.hibernate.type.BasicTypeRegistry     : Adding type registration imm_serializable -> org.hibernate.type.BasicTypeReference@6c742b84
2025-07-16T18:37:04.687Z DEBUG 23873 --- [           main] o.h.boot.internal.BootstrapContextImpl   : Injecting JPA temp ClassLoader [org.springframework.instrument.classloading.SimpleThrowawayClassLoader@590d6c76] into BootstrapContext; was [null]
2025-07-16T18:37:04.689Z DEBUG 23873 --- [           main] o.h.boot.internal.ClassLoaderAccessImpl  : ClassLoaderAccessImpl#injectTempClassLoader(org.springframework.instrument.classloading.SimpleThrowawayClassLoader@590d6c76) [was null]
2025-07-16T18:37:04.696Z DEBUG 23873 --- [           main] o.h.boot.internal.BootstrapContextImpl   : Injecting ScanEnvironment [org.hibernate.jpa.boot.internal.StandardJpaScanEnvironmentImpl@7abeabe9] into BootstrapContext; was [null]
2025-07-16T18:37:04.697Z DEBUG 23873 --- [           main] o.h.boot.internal.BootstrapContextImpl   : Injecting ScanOptions [org.hibernate.boot.archive.scan.internal.StandardScanOptions@5a05dd30] into BootstrapContext; was [org.hibernate.boot.archive.scan.internal.StandardScanOptions@1b52699c]
2025-07-16T18:37:04.763Z DEBUG 23873 --- [           main] o.h.j.b.i.PersistenceUnitInfoDescriptor  : Pushing class transformers for PU named 'default' on loading classloader jdk.internal.loader.ClassLoaders$AppClassLoader@4f2410ac
2025-07-16T18:37:05.211Z  INFO 23873 --- [           main] o.s.o.j.p.SpringPersistenceUnitInfo      : No LoadTimeWeaver setup: ignoring JPA class transformer
2025-07-16T18:37:05.211Z DEBUG 23873 --- [           main] o.h.boot.internal.BootstrapContextImpl   : Injecting JPA temp ClassLoader [null] into BootstrapContext; was [org.springframework.instrument.classloading.SimpleThrowawayClassLoader@590d6c76]
2025-07-16T18:37:05.212Z DEBUG 23873 --- [           main] o.h.boot.internal.ClassLoaderAccessImpl  : ClassLoaderAccessImpl#injectTempClassLoader(null) [was org.springframework.instrument.classloading.SimpleThrowawayClassLoader@590d6c76]
2025-07-16T18:37:05.267Z  INFO 23873 --- [           main] com.zaxxer.hikari.HikariDataSource       : HikariPool-1 - Starting...
2025-07-16T18:37:05.741Z  INFO 23873 --- [           main] com.zaxxer.hikari.pool.HikariPool        : HikariPool-1 - Added connection com.mysql.cj.jdbc.ConnectionImpl@8f6b4ab
2025-07-16T18:37:05.747Z  INFO 23873 --- [           main] com.zaxxer.hikari.HikariDataSource       : HikariPool-1 - Start completed.
2025-07-16T18:37:05.760Z DEBUG 23873 --- [           main] o.h.e.j.e.i.JdbcEnvironmentInitiator     : Database ->
	   name : MySQL
	version : 8.0.36-2ubuntu3
	  major : 8
	  minor : 0
2025-07-16T18:37:05.761Z DEBUG 23873 --- [           main] o.h.e.j.e.i.JdbcEnvironmentInitiator     : Driver ->
	   name : MySQL Connector/J
	version : mysql-connector-j-9.2.0 (Revision: a3909bfeb62d5a517ab444bb88ba7ecf26100297)
	  major : 9
	  minor : 2
2025-07-16T18:37:05.761Z DEBUG 23873 --- [           main] o.h.e.j.e.i.JdbcEnvironmentInitiator     : JDBC version : 4.2
2025-07-16T18:37:05.886Z  WARN 23873 --- [           main] org.hibernate.orm.deprecation            : HHH90000025: MySQLDialect does not need to be specified explicitly using 'hibernate.dialect' (remove the property setting and it will be selected by default)
2025-07-16T18:37:05.892Z DEBUG 23873 --- [           main] org.hibernate.orm.dialect                : HHH035001: Using dialect: org.hibernate.dialect.MySQLDialect, version: 8.0.36
2025-07-16T18:37:05.897Z DEBUG 23873 --- [           main] o.h.e.j.env.spi.IdentifierHelperBuilder  : IdentifierCaseStrategy for both quoted and unquoted identifiers was set to the same strategy [MIXED]; that will likely lead to problems in schema update and validation if using quoted identifiers
2025-07-16T18:37:05.924Z  INFO 23873 --- [           main] org.hibernate.orm.connections.pooling    : HHH10001005: Database info:
	Database JDBC URL [Connecting through datasource 'HikariDataSource (HikariPool-1)']
	Database driver: undefined/unknown
	Database version: 8.0.36
	Autocommit mode: undefined/unknown
	Isolation level: undefined/unknown
	Minimum pool size: undefined/unknown
	Maximum pool size: undefined/unknown
2025-07-16T18:37:05.970Z DEBUG 23873 --- [           main] o.h.t.d.sql.spi.DdlTypeRegistry          : addDescriptor(12, org.hibernate.type.descriptor.sql.internal.CapacityDependentDdlType@6210666c) replaced previous registration(org.hibernate.type.descriptor.sql.internal.CapacityDependentDdlType@1dca62c2)
2025-07-16T18:37:05.974Z DEBUG 23873 --- [           main] o.h.t.d.sql.spi.DdlTypeRegistry          : addDescriptor(-9, org.hibernate.type.descriptor.sql.internal.CapacityDependentDdlType@52657d5f) replaced previous registration(org.hibernate.type.descriptor.sql.internal.CapacityDependentDdlType@43d3995f)
2025-07-16T18:37:05.975Z DEBUG 23873 --- [           main] o.h.t.d.sql.spi.DdlTypeRegistry          : addDescriptor(-3, org.hibernate.type.descriptor.sql.internal.CapacityDependentDdlType@2211b44f) replaced previous registration(org.hibernate.type.descriptor.sql.internal.CapacityDependentDdlType@6c830ebd)
2025-07-16T18:37:05.975Z DEBUG 23873 --- [           main] o.h.t.d.sql.spi.DdlTypeRegistry          : addDescriptor(4003, org.hibernate.type.descriptor.sql.internal.DdlTypeImpl@15f519f7) replaced previous registration(org.hibernate.type.descriptor.sql.internal.DdlTypeImpl@4a336377)
2025-07-16T18:37:05.975Z DEBUG 23873 --- [           main] o.h.t.d.sql.spi.DdlTypeRegistry          : addDescriptor(4001, org.hibernate.type.descriptor.sql.internal.DdlTypeImpl@65af05b2) replaced previous registration(org.hibernate.type.descriptor.sql.internal.DdlTypeImpl@11ad095c)
2025-07-16T18:37:05.976Z DEBUG 23873 --- [           main] o.h.t.d.sql.spi.DdlTypeRegistry          : addDescriptor(4002, org.hibernate.type.descriptor.sql.internal.DdlTypeImpl@2c2a903f) replaced previous registration(org.hibernate.type.descriptor.sql.internal.DdlTypeImpl@7d537616)
2025-07-16T18:37:05.976Z DEBUG 23873 --- [           main] o.h.t.d.sql.spi.DdlTypeRegistry          : addDescriptor(2004, org.hibernate.type.descriptor.sql.internal.CapacityDependentDdlType@604c7e9b) replaced previous registration(org.hibernate.type.descriptor.sql.internal.DdlTypeImpl@19d27c27)
2025-07-16T18:37:05.977Z DEBUG 23873 --- [           main] o.h.t.d.sql.spi.DdlTypeRegistry          : addDescriptor(2005, org.hibernate.type.descriptor.sql.internal.CapacityDependentDdlType@6181bc4a) replaced previous registration(org.hibernate.type.descriptor.sql.internal.DdlTypeImpl@70485aa)
2025-07-16T18:37:05.977Z DEBUG 23873 --- [           main] o.h.t.d.sql.spi.DdlTypeRegistry          : addDescriptor(2011, org.hibernate.type.descriptor.sql.internal.CapacityDependentDdlType@4bf8b77) replaced previous registration(org.hibernate.type.descriptor.sql.internal.DdlTypeImpl@e06ec83)
2025-07-16T18:37:05.984Z DEBUG 23873 --- [           main] o.h.t.d.jdbc.spi.JdbcTypeRegistry        : addDescriptor(NCharTypeDescriptor) replaced previous registration(CharTypeDescriptor)
2025-07-16T18:37:05.985Z DEBUG 23873 --- [           main] o.h.t.d.jdbc.spi.JdbcTypeRegistry        : addDescriptor(NVarcharTypeDescriptor) replaced previous registration(VarcharTypeDescriptor)
2025-07-16T18:37:05.985Z DEBUG 23873 --- [           main] o.h.t.d.jdbc.spi.JdbcTypeRegistry        : addDescriptor(LongNVarcharTypeDescriptor) replaced previous registration(LongVarcharTypeDescriptor)
2025-07-16T18:37:05.996Z DEBUG 23873 --- [           main] o.h.t.d.jdbc.spi.JdbcTypeRegistry        : addDescriptor(NClobTypeDescriptor(DEFAULT)) replaced previous registration(ClobTypeDescriptor(DEFAULT))
2025-07-16T18:37:06.008Z DEBUG 23873 --- [           main] org.hibernate.type.BasicTypeRegistry     : Adding type registration null -> org.hibernate.type.NullType@65d7eea4
2025-07-16T18:37:06.009Z DEBUG 23873 --- [           main] org.hibernate.type.BasicTypeRegistry     : Type registration key [null] overrode previous entry : `org.hibernate.type.NullType@57151b3a`
2025-07-16T18:37:06.018Z DEBUG 23873 --- [           main] org.hibernate.type.BasicTypeRegistry     : Adding type registration org.hibernate.type.DurationType -> basicType@1(java.time.Duration,3015)
2025-07-16T18:37:06.019Z DEBUG 23873 --- [           main] org.hibernate.type.BasicTypeRegistry     : Adding type registration Duration -> basicType@1(java.time.Duration,3015)
2025-07-16T18:37:06.020Z DEBUG 23873 --- [           main] org.hibernate.type.BasicTypeRegistry     : Adding type registration java.time.Duration -> basicType@1(java.time.Duration,3015)
2025-07-16T18:37:06.026Z DEBUG 23873 --- [           main] org.hibernate.type.BasicTypeRegistry     : Adding type registration org.hibernate.type.OffsetDateTimeType -> basicType@2(java.time.OffsetDateTime,3003)
2025-07-16T18:37:06.026Z DEBUG 23873 --- [           main] org.hibernate.type.BasicTypeRegistry     : Adding type registration OffsetDateTime -> basicType@2(java.time.OffsetDateTime,3003)
2025-07-16T18:37:06.027Z DEBUG 23873 --- [           main] org.hibernate.type.BasicTypeRegistry     : Adding type registration java.time.OffsetDateTime -> basicType@2(java.time.OffsetDateTime,3003)
2025-07-16T18:37:06.027Z DEBUG 23873 --- [           main] org.hibernate.type.BasicTypeRegistry     : Adding type registration org.hibernate.type.ZonedDateTimeType -> basicType@3(java.time.ZonedDateTime,3003)
2025-07-16T18:37:06.027Z DEBUG 23873 --- [           main] org.hibernate.type.BasicTypeRegistry     : Adding type registration ZonedDateTime -> basicType@3(java.time.ZonedDateTime,3003)
2025-07-16T18:37:06.027Z DEBUG 23873 --- [           main] org.hibernate.type.BasicTypeRegistry     : Adding type registration java.time.ZonedDateTime -> basicType@3(java.time.ZonedDateTime,3003)
2025-07-16T18:37:06.028Z DEBUG 23873 --- [           main] org.hibernate.type.BasicTypeRegistry     : Adding type registration org.hibernate.type.OffsetTimeType -> basicType@4(java.time.OffsetTime,3007)
2025-07-16T18:37:06.029Z DEBUG 23873 --- [           main] org.hibernate.type.BasicTypeRegistry     : Adding type registration OffsetTime -> basicType@4(java.time.OffsetTime,3007)
2025-07-16T18:37:06.030Z DEBUG 23873 --- [           main] org.hibernate.type.BasicTypeRegistry     : Adding type registration java.time.OffsetTime -> basicType@4(java.time.OffsetTime,3007)
2025-07-16T18:37:06.032Z DEBUG 23873 --- [           main] o.h.type.spi.TypeConfiguration$Scope     : Scoping TypeConfiguration [org.hibernate.type.spi.TypeConfiguration@28b5662d] to MetadataBuildingContext [org.hibernate.boot.internal.MetadataBuildingContextRootImpl@34b2d51a]
2025-07-16T18:37:06.157Z DEBUG 23873 --- [           main] o.h.boot.model.relational.Namespace      : Created database namespace [logicalName=Name{catalog=null, schema=null}, physicalName=Name{catalog=null, schema=null}]
2025-07-16T18:37:06.341Z DEBUG 23873 --- [           main] o.hibernate.internal.SessionFactoryImpl  : Building session factory
2025-07-16T18:37:06.443Z DEBUG 23873 --- [           main] .h.s.i.SessionFactoryServiceRegistryImpl : EventListenerRegistry access via ServiceRegistry is deprecated.  Use `sessionFactory.getEventEngine().getListenerRegistry()` instead
2025-07-16T18:37:06.448Z DEBUG 23873 --- [           main] o.hibernate.internal.SessionFactoryImpl  : Instantiating SessionFactory with settings: {java.specification.version=21, hibernate.resource.beans.container=org.springframework.orm.hibernate5.SpringBeanContainer@52d63b7e, hibernate.connection.handling_mode=DELAYED_ACQUISITION_AND_HOLD, sun.jnu.encoding=UTF-8, hibernate.dialect=org.hibernate.dialect.MySQLDialect, hibernate.implicit_naming_strategy=org.springframework.boot.orm.jpa.hibernate.SpringImplicitNamingStrategy, java.class.path=/home/cheruiyotkelvincollins/Projects/task-management-system/backend/target/test-classes:/home/cheruiyotkelvincollins/Projects/task-management-system/backend/target/classes:/home/cheruiyotkelvincollins/.m2/repository/org/springframework/boot/spring-boot-starter-data-jpa/3.5.3/spring-boot-starter-data-jpa-3.5.3.jar:/home/cheruiyotkelvincollins/.m2/repository/org/springframework/boot/spring-boot-starter/3.5.3/spring-boot-starter-3.5.3.jar:/home/cheruiyotkelvincollins/.m2/repository/org/springframework/boot/spring-boot/3.5.3/spring-boot-3.5.3.jar:/home/cheruiyotkelvincollins/.m2/repository/org/springframework/boot/spring-boot-autoconfigure/3.5.3/spring-boot-autoconfigure-3.5.3.jar:/home/cheruiyotkelvincollins/.m2/repository/org/springframework/boot/spring-boot-starter-logging/3.5.3/spring-boot-starter-logging-3.5.3.jar:/home/cheruiyotkelvincollins/.m2/repository/ch/qos/logback/logback-classic/1.5.18/logback-classic-1.5.18.jar:/home/cheruiyotkelvincollins/.m2/repository/ch/qos/logback/logback-core/1.5.18/logback-core-1.5.18.jar:/home/cheruiyotkelvincollins/.m2/repository/org/apache/logging/log4j/log4j-to-slf4j/2.24.3/log4j-to-slf4j-2.24.3.jar:/home/cheruiyotkelvincollins/.m2/repository/org/apache/logging/log4j/log4j-api/2.24.3/log4j-api-2.24.3.jar:/home/cheruiyotkelvincollins/.m2/repository/org/slf4j/jul-to-slf4j/2.0.17/jul-to-slf4j-2.0.17.jar:/home/cheruiyotkelvincollins/.m2/repository/jakarta/annotation/jakarta.annotation-api/2.1.1/jakarta.annotation-api-2.1.1.jar:/home/cheruiyotkelvincollins/.m2/repository/org/yaml/snakeyaml/2.4/snakeyaml-2.4.jar:/home/cheruiyotkelvincollins/.m2/repository/org/springframework/boot/spring-boot-starter-jdbc/3.5.3/spring-boot-starter-jdbc-3.5.3.jar:/home/cheruiyotkelvincollins/.m2/repository/com/zaxxer/HikariCP/6.3.0/HikariCP-6.3.0.jar:/home/cheruiyotkelvincollins/.m2/repository/org/springframework/spring-jdbc/6.2.8/spring-jdbc-6.2.8.jar:/home/cheruiyotkelvincollins/.m2/repository/org/hibernate/orm/hibernate-core/6.6.18.Final/hibernate-core-6.6.18.Final.jar:/home/cheruiyotkelvincollins/.m2/repository/jakarta/persistence/jakarta.persistence-api/3.1.0/jakarta.persistence-api-3.1.0.jar:/home/cheruiyotkelvincollins/.m2/repository/jakarta/transaction/jakarta.transaction-api/2.0.1/jakarta.transaction-api-2.0.1.jar:/home/cheruiyotkelvincollins/.m2/repository/org/jboss/logging/jboss-logging/3.6.1.Final/jboss-logging-3.6.1.Final.jar:/home/cheruiyotkelvincollins/.m2/repository/org/hibernate/common/hibernate-commons-annotations/7.0.3.Final/hibernate-commons-annotations-7.0.3.Final.jar:/home/cheruiyotkelvincollins/.m2/repository/io/smallrye/jandex/3.2.0/jandex-3.2.0.jar:/home/cheruiyotkelvincollins/.m2/repository/com/fasterxml/classmate/1.7.0/classmate-1.7.0.jar:/home/cheruiyotkelvincollins/.m2/repository/net/bytebuddy/byte-buddy/1.17.6/byte-buddy-1.17.6.jar:/home/cheruiyotkelvincollins/.m2/repository/org/glassfish/jaxb/jaxb-runtime/4.0.5/jaxb-runtime-4.0.5.jar:/home/cheruiyotkelvincollins/.m2/repository/org/glassfish/jaxb/jaxb-core/4.0.5/jaxb-core-4.0.5.jar:/home/cheruiyotkelvincollins/.m2/repository/org/eclipse/angus/angus-activation/2.0.2/angus-activation-2.0.2.jar:/home/cheruiyotkelvincollins/.m2/repository/org/glassfish/jaxb/txw2/4.0.5/txw2-4.0.5.jar:/home/cheruiyotkelvincollins/.m2/repository/com/sun/istack/istack-commons-runtime/4.1.2/istack-commons-runtime-4.1.2.jar:/home/cheruiyotkelvincollins/.m2/repository/jakarta/inject/jakarta.inject-api/2.0.1/jakarta.inject-api-2.0.1.jar:/home/cheruiyotkelvincollins/.m2/repository/org/antlr/antlr4-runtime/4.13.0/antlr4-runtime-4.13.0.jar:/home/cheruiyotkelvincollins/.m2/repository/org/springframework/data/spring-data-jpa/3.5.1/spring-data-jpa-3.5.1.jar:/home/cheruiyotkelvincollins/.m2/repository/org/springframework/data/spring-data-commons/3.5.1/spring-data-commons-3.5.1.jar:/home/cheruiyotkelvincollins/.m2/repository/org/springframework/spring-orm/6.2.8/spring-orm-6.2.8.jar:/home/cheruiyotkelvincollins/.m2/repository/org/springframework/spring-context/6.2.8/spring-context-6.2.8.jar:/home/cheruiyotkelvincollins/.m2/repository/org/springframework/spring-tx/6.2.8/spring-tx-6.2.8.jar:/home/cheruiyotkelvincollins/.m2/repository/org/springframework/spring-beans/6.2.8/spring-beans-6.2.8.jar:/home/cheruiyotkelvincollins/.m2/repository/org/slf4j/slf4j-api/2.0.17/slf4j-api-2.0.17.jar:/home/cheruiyotkelvincollins/.m2/repository/org/springframework/spring-aspects/6.2.8/spring-aspects-6.2.8.jar:/home/cheruiyotkelvincollins/.m2/repository/org/aspectj/aspectjweaver/1.9.24/aspectjweaver-1.9.24.jar:/home/cheruiyotkelvincollins/.m2/repository/org/springframework/boot/spring-boot-starter-security/3.5.3/spring-boot-starter-security-3.5.3.jar:/home/cheruiyotkelvincollins/.m2/repository/org/springframework/spring-aop/6.2.8/spring-aop-6.2.8.jar:/home/cheruiyotkelvincollins/.m2/repository/org/springframework/security/spring-security-config/6.5.1/spring-security-config-6.5.1.jar:/home/cheruiyotkelvincollins/.m2/repository/org/springframework/security/spring-security-web/6.5.1/spring-security-web-6.5.1.jar:/home/cheruiyotkelvincollins/.m2/repository/org/springframework/spring-expression/6.2.8/spring-expression-6.2.8.jar:/home/cheruiyotkelvincollins/.m2/repository/org/springframework/boot/spring-boot-starter-web/3.5.3/spring-boot-starter-web-3.5.3.jar:/home/cheruiyotkelvincollins/.m2/repository/org/springframework/boot/spring-boot-starter-json/3.5.3/spring-boot-starter-json-3.5.3.jar:/home/cheruiyotkelvincollins/.m2/repository/com/fasterxml/jackson/core/jackson-databind/2.19.1/jackson-databind-2.19.1.jar:/home/cheruiyotkelvincollins/.m2/repository/com/fasterxml/jackson/core/jackson-annotations/2.19.1/jackson-annotations-2.19.1.jar:/home/cheruiyotkelvincollins/.m2/repository/com/fasterxml/jackson/core/jackson-core/2.19.1/jackson-core-2.19.1.jar:/home/cheruiyotkelvincollins/.m2/repository/com/fasterxml/jackson/datatype/jackson-datatype-jdk8/2.19.1/jackson-datatype-jdk8-2.19.1.jar:/home/cheruiyotkelvincollins/.m2/repository/com/fasterxml/jackson/datatype/jackson-datatype-jsr310/2.19.1/jackson-datatype-jsr310-2.19.1.jar:/home/cheruiyotkelvincollins/.m2/repository/com/fasterxml/jackson/module/jackson-module-parameter-names/2.19.1/jackson-module-parameter-names-2.19.1.jar:/home/cheruiyotkelvincollins/.m2/repository/org/springframework/boot/spring-boot-starter-tomcat/3.5.3/spring-boot-starter-tomcat-3.5.3.jar:/home/cheruiyotkelvincollins/.m2/repository/org/apache/tomcat/embed/tomcat-embed-core/10.1.42/tomcat-embed-core-10.1.42.jar:/home/cheruiyotkelvincollins/.m2/repository/org/apache/tomcat/embed/tomcat-embed-el/10.1.42/tomcat-embed-el-10.1.42.jar:/home/cheruiyotkelvincollins/.m2/repository/org/apache/tomcat/embed/tomcat-embed-websocket/10.1.42/tomcat-embed-websocket-10.1.42.jar:/home/cheruiyotkelvincollins/.m2/repository/org/springframework/spring-web/6.2.8/spring-web-6.2.8.jar:/home/cheruiyotkelvincollins/.m2/repository/io/micrometer/micrometer-observation/1.15.1/micrometer-observation-1.15.1.jar:/home/cheruiyotkelvincollins/.m2/repository/io/micrometer/micrometer-commons/1.15.1/micrometer-commons-1.15.1.jar:/home/cheruiyotkelvincollins/.m2/repository/org/springframework/spring-webmvc/6.2.8/spring-webmvc-6.2.8.jar:/home/cheruiyotkelvincollins/.m2/repository/com/mysql/mysql-connector-j/9.2.0/mysql-connector-j-9.2.0.jar:/home/cheruiyotkelvincollins/.m2/repository/org/projectlombok/lombok/1.18.38/lombok-1.18.38.jar:/home/cheruiyotkelvincollins/.m2/repository/org/springframework/boot/spring-boot-starter-test/3.5.3/spring-boot-starter-test-3.5.3.jar:/home/cheruiyotkelvincollins/.m2/repository/org/springframework/boot/spring-boot-test/3.5.3/spring-boot-test-3.5.3.jar:/home/cheruiyotkelvincollins/.m2/repository/org/springframework/boot/spring-boot-test-autoconfigure/3.5.3/spring-boot-test-autoconfigure-3.5.3.jar:/home/cheruiyotkelvincollins/.m2/repository/com/jayway/jsonpath/json-path/2.9.0/json-path-2.9.0.jar:/home/cheruiyotkelvincollins/.m2/repository/jakarta/xml/bind/jakarta.xml.bind-api/4.0.2/jakarta.xml.bind-api-4.0.2.jar:/home/cheruiyotkelvincollins/.m2/repository/jakarta/activation/jakarta.activation-api/2.1.3/jakarta.activation-api-2.1.3.jar:/home/cheruiyotkelvincollins/.m2/repository/net/minidev/json-smart/2.5.2/json-smart-2.5.2.jar:/home/cheruiyotkelvincollins/.m2/repository/net/minidev/accessors-smart/2.5.2/accessors-smart-2.5.2.jar:/home/cheruiyotkelvincollins/.m2/repository/org/ow2/asm/asm/9.7.1/asm-9.7.1.jar:/home/cheruiyotkelvincollins/.m2/repository/org/assertj/assertj-core/3.27.3/assertj-core-3.27.3.jar:/home/cheruiyotkelvincollins/.m2/repository/org/awaitility/awaitility/4.2.2/awaitility-4.2.2.jar:/home/cheruiyotkelvincollins/.m2/repository/org/hamcrest/hamcrest/3.0/hamcrest-3.0.jar:/home/cheruiyotkelvincollins/.m2/repository/org/junit/jupiter/junit-jupiter/5.12.2/junit-jupiter-5.12.2.jar:/home/cheruiyotkelvincollins/.m2/repository/org/junit/jupiter/junit-jupiter-api/5.12.2/junit-jupiter-api-5.12.2.jar:/home/cheruiyotkelvincollins/.m2/repository/org/opentest4j/opentest4j/1.3.0/opentest4j-1.3.0.jar:/home/cheruiyotkelvincollins/.m2/repository/org/junit/platform/junit-platform-commons/1.12.2/junit-platform-commons-1.12.2.jar:/home/cheruiyotkelvincollins/.m2/repository/org/apiguardian/apiguardian-api/1.1.2/apiguardian-api-1.1.2.jar:/home/cheruiyotkelvincollins/.m2/repository/org/junit/jupiter/junit-jupiter-params/5.12.2/junit-jupiter-params-5.12.2.jar:/home/cheruiyotkelvincollins/.m2/repository/org/junit/jupiter/junit-jupiter-engine/5.12.2/junit-jupiter-engine-5.12.2.jar:/home/cheruiyotkelvincollins/.m2/repository/org/junit/platform/junit-platform-engine/1.12.2/junit-platform-engine-1.12.2.jar:/home/cheruiyotkelvincollins/.m2/repository/org/mockito/mockito-core/5.17.0/mockito-core-5.17.0.jar:/home/cheruiyotkelvincollins/.m2/repository/net/bytebuddy/byte-buddy-agent/1.17.6/byte-buddy-agent-1.17.6.jar:/home/cheruiyotkelvincollins/.m2/repository/org/objenesis/objenesis/3.3/objenesis-3.3.jar:/home/cheruiyotkelvincollins/.m2/repository/org/mockito/mockito-junit-jupiter/5.17.0/mockito-junit-jupiter-5.17.0.jar:/home/cheruiyotkelvincollins/.m2/repository/org/skyscreamer/jsonassert/1.5.3/jsonassert-1.5.3.jar:/home/cheruiyotkelvincollins/.m2/repository/com/vaadin/external/google/android-json/0.0.20131108.vaadin1/android-json-0.0.20131108.vaadin1.jar:/home/cheruiyotkelvincollins/.m2/repository/org/springframework/spring-core/6.2.8/spring-core-6.2.8.jar:/home/cheruiyotkelvincollins/.m2/repository/org/springframework/spring-jcl/6.2.8/spring-jcl-6.2.8.jar:/home/cheruiyotkelvincollins/.m2/repository/org/springframework/spring-test/6.2.8/spring-test-6.2.8.jar:/home/cheruiyotkelvincollins/.m2/repository/org/xmlunit/xmlunit-core/2.10.2/xmlunit-core-2.10.2.jar:/home/cheruiyotkelvincollins/.m2/repository/org/springframework/security/spring-security-test/6.5.1/spring-security-test-6.5.1.jar:/home/cheruiyotkelvincollins/.m2/repository/org/springframework/security/spring-security-core/6.5.1/spring-security-core-6.5.1.jar:/home/cheruiyotkelvincollins/.m2/repository/org/springframework/security/spring-security-crypto/6.5.1/spring-security-crypto-6.5.1.jar:, java.vm.vendor=Ubuntu, sun.arch.data.model=64, java.vendor.url=https://ubuntu.com/, user.timezone=Etc/UTC, jakarta.persistence.sharedCache.mode=UNSPECIFIED, org.jboss.logging.provider=slf4j, java.vm.specification.version=21, os.name=Linux, jakarta.persistence.nonJtaDataSource=HikariDataSource (HikariPool-1), sun.java.launcher=SUN_STANDARD, user.country=US, sun.boot.library.path=/usr/lib/jvm/java-21-openjdk-amd64/lib, sun.java.command=/home/cheruiyotkelvincollins/Projects/task-management-system/backend/target/surefire/surefirebooter-20250716183657086_3.jar /home/cheruiyotkelvincollins/Projects/task-management-system/backend/target/surefire 2025-07-16T18-36-56_750-jvmRun1 surefire-20250716183657086_1tmp surefire_0-20250716183657086_2tmp, javax.persistence.nonJtaDataSource=HikariDataSource (HikariPool-1), hibernate.transaction.jta.platform=org.hibernate.engine.transaction.jta.platform.internal.NoJtaPlatform@74830d73, jdk.debug=release, surefire.test.class.path=/home/cheruiyotkelvincollins/Projects/task-management-system/backend/target/test-classes:/home/cheruiyotkelvincollins/Projects/task-management-system/backend/target/classes:/home/cheruiyotkelvincollins/.m2/repository/org/springframework/boot/spring-boot-starter-data-jpa/3.5.3/spring-boot-starter-data-jpa-3.5.3.jar:/home/cheruiyotkelvincollins/.m2/repository/org/springframework/boot/spring-boot-starter/3.5.3/spring-boot-starter-3.5.3.jar:/home/cheruiyotkelvincollins/.m2/repository/org/springframework/boot/spring-boot/3.5.3/spring-boot-3.5.3.jar:/home/cheruiyotkelvincollins/.m2/repository/org/springframework/boot/spring-boot-autoconfigure/3.5.3/spring-boot-autoconfigure-3.5.3.jar:/home/cheruiyotkelvincollins/.m2/repository/org/springframework/boot/spring-boot-starter-logging/3.5.3/spring-boot-starter-logging-3.5.3.jar:/home/cheruiyotkelvincollins/.m2/repository/ch/qos/logback/logback-classic/1.5.18/logback-classic-1.5.18.jar:/home/cheruiyotkelvincollins/.m2/repository/ch/qos/logback/logback-core/1.5.18/logback-core-1.5.18.jar:/home/cheruiyotkelvincollins/.m2/repository/org/apache/logging/log4j/log4j-to-slf4j/2.24.3/log4j-to-slf4j-2.24.3.jar:/home/cheruiyotkelvincollins/.m2/repository/org/apache/logging/log4j/log4j-api/2.24.3/log4j-api-2.24.3.jar:/home/cheruiyotkelvincollins/.m2/repository/org/slf4j/jul-to-slf4j/2.0.17/jul-to-slf4j-2.0.17.jar:/home/cheruiyotkelvincollins/.m2/repository/jakarta/annotation/jakarta.annotation-api/2.1.1/jakarta.annotation-api-2.1.1.jar:/home/cheruiyotkelvincollins/.m2/repository/org/yaml/snakeyaml/2.4/snakeyaml-2.4.jar:/home/cheruiyotkelvincollins/.m2/repository/org/springframework/boot/spring-boot-starter-jdbc/3.5.3/spring-boot-starter-jdbc-3.5.3.jar:/home/cheruiyotkelvincollins/.m2/repository/com/zaxxer/HikariCP/6.3.0/HikariCP-6.3.0.jar:/home/cheruiyotkelvincollins/.m2/repository/org/springframework/spring-jdbc/6.2.8/spring-jdbc-6.2.8.jar:/home/cheruiyotkelvincollins/.m2/repository/org/hibernate/orm/hibernate-core/6.6.18.Final/hibernate-core-6.6.18.Final.jar:/home/cheruiyotkelvincollins/.m2/repository/jakarta/persistence/jakarta.persistence-api/3.1.0/jakarta.persistence-api-3.1.0.jar:/home/cheruiyotkelvincollins/.m2/repository/jakarta/transaction/jakarta.transaction-api/2.0.1/jakarta.transaction-api-2.0.1.jar:/home/cheruiyotkelvincollins/.m2/repository/org/jboss/logging/jboss-logging/3.6.1.Final/jboss-logging-3.6.1.Final.jar:/home/cheruiyotkelvincollins/.m2/repository/org/hibernate/common/hibernate-commons-annotations/7.0.3.Final/hibernate-commons-annotations-7.0.3.Final.jar:/home/cheruiyotkelvincollins/.m2/repository/io/smallrye/jandex/3.2.0/jandex-3.2.0.jar:/home/cheruiyotkelvincollins/.m2/repository/com/fasterxml/classmate/1.7.0/classmate-1.7.0.jar:/home/cheruiyotkelvincollins/.m2/repository/net/bytebuddy/byte-buddy/1.17.6/byte-buddy-1.17.6.jar:/home/cheruiyotkelvincollins/.m2/repository/org/glassfish/jaxb/jaxb-runtime/4.0.5/jaxb-runtime-4.0.5.jar:/home/cheruiyotkelvincollins/.m2/repository/org/glassfish/jaxb/jaxb-core/4.0.5/jaxb-core-4.0.5.jar:/home/cheruiyotkelvincollins/.m2/repository/org/eclipse/angus/angus-activation/2.0.2/angus-activation-2.0.2.jar:/home/cheruiyotkelvincollins/.m2/repository/org/glassfish/jaxb/txw2/4.0.5/txw2-4.0.5.jar:/home/cheruiyotkelvincollins/.m2/repository/com/sun/istack/istack-commons-runtime/4.1.2/istack-commons-runtime-4.1.2.jar:/home/cheruiyotkelvincollins/.m2/repository/jakarta/inject/jakarta.inject-api/2.0.1/jakarta.inject-api-2.0.1.jar:/home/cheruiyotkelvincollins/.m2/repository/org/antlr/antlr4-runtime/4.13.0/antlr4-runtime-4.13.0.jar:/home/cheruiyotkelvincollins/.m2/repository/org/springframework/data/spring-data-jpa/3.5.1/spring-data-jpa-3.5.1.jar:/home/cheruiyotkelvincollins/.m2/repository/org/springframework/data/spring-data-commons/3.5.1/spring-data-commons-3.5.1.jar:/home/cheruiyotkelvincollins/.m2/repository/org/springframework/spring-orm/6.2.8/spring-orm-6.2.8.jar:/home/cheruiyotkelvincollins/.m2/repository/org/springframework/spring-context/6.2.8/spring-context-6.2.8.jar:/home/cheruiyotkelvincollins/.m2/repository/org/springframework/spring-tx/6.2.8/spring-tx-6.2.8.jar:/home/cheruiyotkelvincollins/.m2/repository/org/springframework/spring-beans/6.2.8/spring-beans-6.2.8.jar:/home/cheruiyotkelvincollins/.m2/repository/org/slf4j/slf4j-api/2.0.17/slf4j-api-2.0.17.jar:/home/cheruiyotkelvincollins/.m2/repository/org/springframework/spring-aspects/6.2.8/spring-aspects-6.2.8.jar:/home/cheruiyotkelvincollins/.m2/repository/org/aspectj/aspectjweaver/1.9.24/aspectjweaver-1.9.24.jar:/home/cheruiyotkelvincollins/.m2/repository/org/springframework/boot/spring-boot-starter-security/3.5.3/spring-boot-starter-security-3.5.3.jar:/home/cheruiyotkelvincollins/.m2/repository/org/springframework/spring-aop/6.2.8/spring-aop-6.2.8.jar:/home/cheruiyotkelvincollins/.m2/repository/org/springframework/security/spring-security-config/6.5.1/spring-security-config-6.5.1.jar:/home/cheruiyotkelvincollins/.m2/repository/org/springframework/security/spring-security-web/6.5.1/spring-security-web-6.5.1.jar:/home/cheruiyotkelvincollins/.m2/repository/org/springframework/spring-expression/6.2.8/spring-expression-6.2.8.jar:/home/cheruiyotkelvincollins/.m2/repository/org/springframework/boot/spring-boot-starter-web/3.5.3/spring-boot-starter-web-3.5.3.jar:/home/cheruiyotkelvincollins/.m2/repository/org/springframework/boot/spring-boot-starter-json/3.5.3/spring-boot-starter-json-3.5.3.jar:/home/cheruiyotkelvincollins/.m2/repository/com/fasterxml/jackson/core/jackson-databind/2.19.1/jackson-databind-2.19.1.jar:/home/cheruiyotkelvincollins/.m2/repository/com/fasterxml/jackson/core/jackson-annotations/2.19.1/jackson-annotations-2.19.1.jar:/home/cheruiyotkelvincollins/.m2/repository/com/fasterxml/jackson/core/jackson-core/2.19.1/jackson-core-2.19.1.jar:/home/cheruiyotkelvincollins/.m2/repository/com/fasterxml/jackson/datatype/jackson-datatype-jdk8/2.19.1/jackson-datatype-jdk8-2.19.1.jar:/home/cheruiyotkelvincollins/.m2/repository/com/fasterxml/jackson/datatype/jackson-datatype-jsr310/2.19.1/jackson-datatype-jsr310-2.19.1.jar:/home/cheruiyotkelvincollins/.m2/repository/com/fasterxml/jackson/module/jackson-module-parameter-names/2.19.1/jackson-module-parameter-names-2.19.1.jar:/home/cheruiyotkelvincollins/.m2/repository/org/springframework/boot/spring-boot-starter-tomcat/3.5.3/spring-boot-starter-tomcat-3.5.3.jar:/home/cheruiyotkelvincollins/.m2/repository/org/apache/tomcat/embed/tomcat-embed-core/10.1.42/tomcat-embed-core-10.1.42.jar:/home/cheruiyotkelvincollins/.m2/repository/org/apache/tomcat/embed/tomcat-embed-el/10.1.42/tomcat-embed-el-10.1.42.jar:/home/cheruiyotkelvincollins/.m2/repository/org/apache/tomcat/embed/tomcat-embed-websocket/10.1.42/tomcat-embed-websocket-10.1.42.jar:/home/cheruiyotkelvincollins/.m2/repository/org/springframework/spring-web/6.2.8/spring-web-6.2.8.jar:/home/cheruiyotkelvincollins/.m2/repository/io/micrometer/micrometer-observation/1.15.1/micrometer-observation-1.15.1.jar:/home/cheruiyotkelvincollins/.m2/repository/io/micrometer/micrometer-commons/1.15.1/micrometer-commons-1.15.1.jar:/home/cheruiyotkelvincollins/.m2/repository/org/springframework/spring-webmvc/6.2.8/spring-webmvc-6.2.8.jar:/home/cheruiyotkelvincollins/.m2/repository/com/mysql/mysql-connector-j/9.2.0/mysql-connector-j-9.2.0.jar:/home/cheruiyotkelvincollins/.m2/repository/org/projectlombok/lombok/1.18.38/lombok-1.18.38.jar:/home/cheruiyotkelvincollins/.m2/repository/org/springframework/boot/spring-boot-starter-test/3.5.3/spring-boot-starter-test-3.5.3.jar:/home/cheruiyotkelvincollins/.m2/repository/org/springframework/boot/spring-boot-test/3.5.3/spring-boot-test-3.5.3.jar:/home/cheruiyotkelvincollins/.m2/repository/org/springframework/boot/spring-boot-test-autoconfigure/3.5.3/spring-boot-test-autoconfigure-3.5.3.jar:/home/cheruiyotkelvincollins/.m2/repository/com/jayway/jsonpath/json-path/2.9.0/json-path-2.9.0.jar:/home/cheruiyotkelvincollins/.m2/repository/jakarta/xml/bind/jakarta.xml.bind-api/4.0.2/jakarta.xml.bind-api-4.0.2.jar:/home/cheruiyotkelvincollins/.m2/repository/jakarta/activation/jakarta.activation-api/2.1.3/jakarta.activation-api-2.1.3.jar:/home/cheruiyotkelvincollins/.m2/repository/net/minidev/json-smart/2.5.2/json-smart-2.5.2.jar:/home/cheruiyotkelvincollins/.m2/repository/net/minidev/accessors-smart/2.5.2/accessors-smart-2.5.2.jar:/home/cheruiyotkelvincollins/.m2/repository/org/ow2/asm/asm/9.7.1/asm-9.7.1.jar:/home/cheruiyotkelvincollins/.m2/repository/org/assertj/assertj-core/3.27.3/assertj-core-3.27.3.jar:/home/cheruiyotkelvincollins/.m2/repository/org/awaitility/awaitility/4.2.2/awaitility-4.2.2.jar:/home/cheruiyotkelvincollins/.m2/repository/org/hamcrest/hamcrest/3.0/hamcrest-3.0.jar:/home/cheruiyotkelvincollins/.m2/repository/org/junit/jupiter/junit-jupiter/5.12.2/junit-jupiter-5.12.2.jar:/home/cheruiyotkelvincollins/.m2/repository/org/junit/jupiter/junit-jupiter-api/5.12.2/junit-jupiter-api-5.12.2.jar:/home/cheruiyotkelvincollins/.m2/repository/org/opentest4j/opentest4j/1.3.0/opentest4j-1.3.0.jar:/home/cheruiyotkelvincollins/.m2/repository/org/junit/platform/junit-platform-commons/1.12.2/junit-platform-commons-1.12.2.jar:/home/cheruiyotkelvincollins/.m2/repository/org/apiguardian/apiguardian-api/1.1.2/apiguardian-api-1.1.2.jar:/home/cheruiyotkelvincollins/.m2/repository/org/junit/jupiter/junit-jupiter-params/5.12.2/junit-jupiter-params-5.12.2.jar:/home/cheruiyotkelvincollins/.m2/repository/org/junit/jupiter/junit-jupiter-engine/5.12.2/junit-jupiter-engine-5.12.2.jar:/home/cheruiyotkelvincollins/.m2/repository/org/junit/platform/junit-platform-engine/1.12.2/junit-platform-engine-1.12.2.jar:/home/cheruiyotkelvincollins/.m2/repository/org/mockito/mockito-core/5.17.0/mockito-core-5.17.0.jar:/home/cheruiyotkelvincollins/.m2/repository/net/bytebuddy/byte-buddy-agent/1.17.6/byte-buddy-agent-1.17.6.jar:/home/cheruiyotkelvincollins/.m2/repository/org/objenesis/objenesis/3.3/objenesis-3.3.jar:/home/cheruiyotkelvincollins/.m2/repository/org/mockito/mockito-junit-jupiter/5.17.0/mockito-junit-jupiter-5.17.0.jar:/home/cheruiyotkelvincollins/.m2/repository/org/skyscreamer/jsonassert/1.5.3/jsonassert-1.5.3.jar:/home/cheruiyotkelvincollins/.m2/repository/com/vaadin/external/google/android-json/0.0.20131108.vaadin1/android-json-0.0.20131108.vaadin1.jar:/home/cheruiyotkelvincollins/.m2/repository/org/springframework/spring-core/6.2.8/spring-core-6.2.8.jar:/home/cheruiyotkelvincollins/.m2/repository/org/springframework/spring-jcl/6.2.8/spring-jcl-6.2.8.jar:/home/cheruiyotkelvincollins/.m2/repository/org/springframework/spring-test/6.2.8/spring-test-6.2.8.jar:/home/cheruiyotkelvincollins/.m2/repository/org/xmlunit/xmlunit-core/2.10.2/xmlunit-core-2.10.2.jar:/home/cheruiyotkelvincollins/.m2/repository/org/springframework/security/spring-security-test/6.5.1/spring-security-test-6.5.1.jar:/home/cheruiyotkelvincollins/.m2/repository/org/springframework/security/spring-security-core/6.5.1/spring-security-core-6.5.1.jar:/home/cheruiyotkelvincollins/.m2/repository/org/springframework/security/spring-security-crypto/6.5.1/spring-security-crypto-6.5.1.jar:, sun.cpu.endian=little, hibernate.cdi.extensions=true, user.home=/home/cheruiyotkelvincollins, user.language=en, java.specification.vendor=Oracle Corporation, java.version.date=2024-04-16, java.home=/usr/lib/jvm/java-21-openjdk-amd64, file.separator=/, basedir=/home/cheruiyotkelvincollins/Projects/task-management-system/backend, java.vm.compressedOopsMode=Zero based, line.separator=
, hibernate.persistenceUnitName=default, java.vm.specification.vendor=Oracle Corporation, java.specification.name=Java Platform API Specification, FILE_LOG_CHARSET=UTF-8, hibernate.transaction.coordinator_class=class org.hibernate.resource.transaction.backend.jdbc.internal.JdbcResourceLocalTransactionCoordinatorBuilderImpl, java.awt.headless=true, surefire.real.class.path=/home/cheruiyotkelvincollins/Projects/task-management-system/backend/target/surefire/surefirebooter-20250716183657086_3.jar, jakarta.persistence.validation.mode=AUTO, hibernate.hbm2ddl.auto=update, sun.management.compiler=HotSpot 64-Bit Tiered Compilers, java.runtime.version=21.0.3+9-Ubuntu-1ubuntu1, user.name=cheruiyotkelvincollins, stdout.encoding=UTF-8, path.separator=:, os.version=6.8.0-31-generic, java.runtime.name=OpenJDK Runtime Environment, file.encoding=UTF-8, java.vm.name=OpenJDK 64-Bit Server VM, localRepository=/home/cheruiyotkelvincollins/.m2/repository, java.vendor.url.bug=https://bugs.launchpad.net/ubuntu/+source/openjdk-21, java.io.tmpdir=/tmp, java.version=21.0.3, hibernate.physical_naming_strategy=org.hibernate.boot.model.naming.CamelCaseToUnderscoresNamingStrategy, user.dir=/home/cheruiyotkelvincollins/Projects/task-management-system/backend, os.arch=amd64, java.vm.specification.name=Java Virtual Machine Specification, PID=23873, CONSOLE_LOG_CHARSET=UTF-8, hibernate.boot.CfgXmlAccessService.key=org.hibernate.boot.registry.StandardServiceRegistryBuilder$1@1827fc4e, native.encoding=UTF-8, java.library.path=/usr/java/packages/lib:/usr/lib/x86_64-linux-gnu/jni:/lib/x86_64-linux-gnu:/usr/lib/x86_64-linux-gnu:/usr/lib/jni:/lib:/usr/lib, stderr.encoding=UTF-8, java.vendor=Ubuntu, java.vm.info=mixed mode, sharing, java.vm.version=21.0.3+9-Ubuntu-1ubuntu1, sun.io.unicode.encoding=UnicodeLittle, hibernate.archive.scanner=org.hibernate.boot.archive.scan.internal.DisabledScanner, hibernate.connection.datasource=HikariDataSource (HikariPool-1), java.class.version=65.0}
2025-07-16T18:37:06.456Z DEBUG 23873 --- [           main] o.hibernate.internal.SessionFactoryImpl  : Session factory constructed with filter configurations : {}
2025-07-16T18:37:06.542Z DEBUG 23873 --- [           main] o.h.q.sqm.function.SqmFunctionRegistry   : Registered SqmFunctionTemplate [NamedSqmFunctionTemplate(max)] under max; prior registration was null
2025-07-16T18:37:06.542Z DEBUG 23873 --- [           main] o.h.q.sqm.function.SqmFunctionRegistry   : Registered SqmFunctionTemplate [NamedSqmFunctionTemplate(min)] under min; prior registration was null
2025-07-16T18:37:06.543Z DEBUG 23873 --- [           main] o.h.q.sqm.function.SqmFunctionRegistry   : Registered SqmFunctionTemplate [NamedSqmFunctionTemplate(sum)] under sum; prior registration was null
2025-07-16T18:37:06.545Z DEBUG 23873 --- [           main] o.h.q.sqm.function.SqmFunctionRegistry   : Registered SqmFunctionTemplate [NamedSqmFunctionTemplate(avg)] under avg; prior registration was null
2025-07-16T18:37:06.547Z DEBUG 23873 --- [           main] o.h.q.sqm.function.SqmFunctionRegistry   : Registered SqmFunctionTemplate [org.hibernate.dialect.function.CountFunction@3eedd0e3] under count; prior registration was null
2025-07-16T18:37:06.549Z DEBUG 23873 --- [           main] o.h.q.sqm.function.SqmFunctionRegistry   : Registered SqmFunctionTemplate [org.hibernate.dialect.function.EveryAnyEmulation@45eacb70] under every; prior registration was null
2025-07-16T18:37:06.549Z DEBUG 23873 --- [           main] o.h.q.sqm.function.SqmFunctionRegistry   : Registered SqmFunctionTemplate [org.hibernate.dialect.function.EveryAnyEmulation@4377ed24] under any; prior registration was null
2025-07-16T18:37:06.550Z DEBUG 23873 --- [           main] o.h.q.sqm.function.SqmFunctionRegistry   : Registered SqmFunctionTemplate [NamedSqmFunctionTemplate(floor)] under floor; prior registration was null
2025-07-16T18:37:06.550Z DEBUG 23873 --- [           main] o.h.q.sqm.function.SqmFunctionRegistry   : Registered SqmFunctionTemplate [NamedSqmFunctionTemplate(ceiling)] under ceiling; prior registration was null
2025-07-16T18:37:06.550Z DEBUG 23873 --- [           main] o.h.q.sqm.function.SqmFunctionRegistry   : Registered SqmFunctionTemplate [NamedSqmFunctionTemplate(mod)] under mod; prior registration was null
2025-07-16T18:37:06.550Z DEBUG 23873 --- [           main] o.h.q.sqm.function.SqmFunctionRegistry   : Registered SqmFunctionTemplate [NamedSqmFunctionTemplate(abs)] under abs; prior registration was null
2025-07-16T18:37:06.550Z DEBUG 23873 --- [           main] o.h.q.sqm.function.SqmFunctionRegistry   : Registered SqmFunctionTemplate [NamedSqmFunctionTemplate(sign)] under sign; prior registration was null
2025-07-16T18:37:06.550Z DEBUG 23873 --- [           main] o.h.q.sqm.function.SqmFunctionRegistry   : Registered SqmFunctionTemplate [NamedSqmFunctionTemplate(sqrt)] under sqrt; prior registration was null
2025-07-16T18:37:06.551Z DEBUG 23873 --- [           main] o.h.q.sqm.function.SqmFunctionRegistry   : Registered SqmFunctionTemplate [NamedSqmFunctionTemplate(ln)] under ln; prior registration was null
2025-07-16T18:37:06.551Z DEBUG 23873 --- [           main] o.h.q.sqm.function.SqmFunctionRegistry   : Registered SqmFunctionTemplate [NamedSqmFunctionTemplate(exp)] under exp; prior registration was null
2025-07-16T18:37:06.551Z DEBUG 23873 --- [           main] o.h.q.sqm.function.SqmFunctionRegistry   : Registered SqmFunctionTemplate [NamedSqmFunctionTemplate(power)] under power; prior registration was null
2025-07-16T18:37:06.552Z DEBUG 23873 --- [           main] o.h.q.sqm.function.SqmFunctionRegistry   : Registered SqmFunctionTemplate [NamedSqmFunctionTemplate(round)] under round; prior registration was null
2025-07-16T18:37:06.552Z DEBUG 23873 --- [           main] o.h.q.sqm.function.SqmFunctionRegistry   : Registered SqmFunctionTemplate [NamedSqmFunctionTemplate(sin)] under sin; prior registration was null
2025-07-16T18:37:06.552Z DEBUG 23873 --- [           main] o.h.q.sqm.function.SqmFunctionRegistry   : Registered SqmFunctionTemplate [NamedSqmFunctionTemplate(cos)] under cos; prior registration was null
2025-07-16T18:37:06.552Z DEBUG 23873 --- [           main] o.h.q.sqm.function.SqmFunctionRegistry   : Registered SqmFunctionTemplate [NamedSqmFunctionTemplate(tan)] under tan; prior registration was null
2025-07-16T18:37:06.553Z DEBUG 23873 --- [           main] o.h.q.sqm.function.SqmFunctionRegistry   : Registered SqmFunctionTemplate [NamedSqmFunctionTemplate(asin)] under asin; prior registration was null
2025-07-16T18:37:06.553Z DEBUG 23873 --- [           main] o.h.q.sqm.function.SqmFunctionRegistry   : Registered SqmFunctionTemplate [NamedSqmFunctionTemplate(acos)] under acos; prior registration was null
2025-07-16T18:37:06.553Z DEBUG 23873 --- [           main] o.h.q.sqm.function.SqmFunctionRegistry   : Registered SqmFunctionTemplate [NamedSqmFunctionTemplate(atan)] under atan; prior registration was null
2025-07-16T18:37:06.553Z DEBUG 23873 --- [           main] o.h.q.sqm.function.SqmFunctionRegistry   : Registered SqmFunctionTemplate [NamedSqmFunctionTemplate(atan2)] under atan2; prior registration was null
2025-07-16T18:37:06.555Z DEBUG 23873 --- [           main] o.h.q.sqm.function.SqmFunctionRegistry   : Registered SqmFunctionTemplate [org.hibernate.query.sqm.function.PatternBasedSqmFunctionDescriptor@2838eb] under sinh; prior registration was null
2025-07-16T18:37:06.556Z DEBUG 23873 --- [           main] o.h.q.sqm.function.SqmFunctionRegistry   : Registered SqmFunctionTemplate [org.hibernate.query.sqm.function.PatternBasedSqmFunctionDescriptor@fb5d334] under cosh; prior registration was null
2025-07-16T18:37:06.556Z DEBUG 23873 --- [           main] o.h.q.sqm.function.SqmFunctionRegistry   : Registered SqmFunctionTemplate [org.hibernate.query.sqm.function.PatternBasedSqmFunctionDescriptor@45dc7be] under tanh; prior registration was null
2025-07-16T18:37:06.556Z DEBUG 23873 --- [           main] o.h.q.sqm.function.SqmFunctionRegistry   : Registered SqmFunctionTemplate [org.hibernate.query.sqm.function.PatternBasedSqmFunctionDescriptor@2d459bda] under pi; prior registration was null
2025-07-16T18:37:06.556Z DEBUG 23873 --- [           main] o.h.q.sqm.function.SqmFunctionRegistry   : Registered SqmFunctionTemplate [org.hibernate.query.sqm.function.PatternBasedSqmFunctionDescriptor@6ceb11f9] under log; prior registration was null
2025-07-16T18:37:06.557Z DEBUG 23873 --- [           main] o.h.q.sqm.function.SqmFunctionRegistry   : Registered SqmFunctionTemplate [NamedSqmFunctionTemplate(coalesce)] under coalesce; prior registration was null
2025-07-16T18:37:06.557Z DEBUG 23873 --- [           main] o.h.q.sqm.function.SqmFunctionRegistry   : Registered SqmFunctionTemplate [NamedSqmFunctionTemplate(nullif)] under nullif; prior registration was null
2025-07-16T18:37:06.557Z DEBUG 23873 --- [           main] o.h.q.sqm.function.SqmFunctionRegistry   : Registered SqmFunctionTemplate [NamedSqmFunctionTemplate(left)] under left; prior registration was null
2025-07-16T18:37:06.557Z DEBUG 23873 --- [           main] o.h.q.sqm.function.SqmFunctionRegistry   : Registered SqmFunctionTemplate [NamedSqmFunctionTemplate(right)] under right; prior registration was null
2025-07-16T18:37:06.558Z DEBUG 23873 --- [           main] o.h.q.sqm.function.SqmFunctionRegistry   : Registered SqmFunctionTemplate [NamedSqmFunctionTemplate(replace)] under replace; prior registration was null
2025-07-16T18:37:06.559Z DEBUG 23873 --- [           main] o.h.q.sqm.function.SqmFunctionRegistry   : Registered SqmFunctionTemplate [NamedSqmFunctionTemplate(concat)] under concat; prior registration was null
2025-07-16T18:37:06.559Z DEBUG 23873 --- [           main] o.h.q.sqm.function.SqmFunctionRegistry   : Registered SqmFunctionTemplate [NamedSqmFunctionTemplate(lower)] under lower; prior registration was null
2025-07-16T18:37:06.559Z DEBUG 23873 --- [           main] o.h.q.sqm.function.SqmFunctionRegistry   : Registered SqmFunctionTemplate [NamedSqmFunctionTemplate(upper)] under upper; prior registration was null
2025-07-16T18:37:06.559Z DEBUG 23873 --- [           main] o.h.q.sqm.function.SqmFunctionRegistry   : Registered SqmFunctionTemplate [NamedSqmFunctionTemplate(substring)] under substring; prior registration was null
2025-07-16T18:37:06.560Z DEBUG 23873 --- [           main] o.h.q.sqm.function.SqmFunctionRegistry   : Registered SqmFunctionTemplate [NamedSqmFunctionTemplate(locate)] under locate; prior registration was null
2025-07-16T18:37:06.560Z DEBUG 23873 --- [           main] o.h.q.sqm.function.SqmFunctionRegistry   : Registered SqmFunctionTemplate [NamedSqmFunctionTemplate(character_length)] under character_length; prior registration was null
2025-07-16T18:37:06.560Z DEBUG 23873 --- [           main] o.h.q.sqm.function.SqmFunctionRegistry   : Registering alternate key : length -> character_length
2025-07-16T18:37:06.561Z DEBUG 23873 --- [           main] o.h.q.sqm.function.SqmFunctionRegistry   : Registered SqmFunctionTemplate [org.hibernate.dialect.function.LocatePositionEmulation@41f686af] under position; prior registration was null
2025-07-16T18:37:06.564Z DEBUG 23873 --- [           main] o.h.q.sqm.function.SqmFunctionRegistry   : Registered SqmFunctionTemplate [org.hibernate.dialect.function.InsertSubstringOverlayEmulation@3a5ce4b8] under overlay; prior registration was null
2025-07-16T18:37:06.565Z DEBUG 23873 --- [           main] o.h.q.sqm.function.SqmFunctionRegistry   : Registered SqmFunctionTemplate [org.hibernate.dialect.function.TrimFunction@65262308] under trim; prior registration was null
2025-07-16T18:37:06.566Z DEBUG 23873 --- [           main] o.h.q.sqm.function.SqmFunctionRegistry   : Registered SqmFunctionTemplate [org.hibernate.dialect.function.CastFunction@2430cf17] under cast; prior registration was null
2025-07-16T18:37:06.567Z DEBUG 23873 --- [           main] o.h.q.sqm.function.SqmFunctionRegistry   : Registered SqmFunctionTemplate [org.hibernate.query.sqm.function.PatternBasedSqmFunctionDescriptor@1e95f584] under collate; prior registration was null
2025-07-16T18:37:06.568Z DEBUG 23873 --- [           main] o.h.q.sqm.function.SqmFunctionRegistry   : Registered SqmFunctionTemplate [org.hibernate.dialect.function.ExtractFunction@189633f2] under extract; prior registration was null
2025-07-16T18:37:06.568Z DEBUG 23873 --- [           main] o.h.q.sqm.function.SqmFunctionRegistry   : Registered SqmFunctionTemplate [NamedSqmFunctionTemplate(least)] under least; prior registration was null
2025-07-16T18:37:06.569Z DEBUG 23873 --- [           main] o.h.q.sqm.function.SqmFunctionRegistry   : Registered SqmFunctionTemplate [NamedSqmFunctionTemplate(greatest)] under greatest; prior registration was null
2025-07-16T18:37:06.569Z DEBUG 23873 --- [           main] o.h.q.sqm.function.SqmFunctionRegistry   : Registered SqmFunctionTemplate [org.hibernate.dialect.function.CoalesceIfnullEmulation@5d22604e] under ifnull; prior registration was null
[...]
2025-07-16T18:37:06.615Z DEBUG 23873 --- [           main] org.hibernate.HQL_FUNCTIONS              : Integer day(DATE arg)
2025-07-16T18:37:06.615Z DEBUG 23873 --- [           main] org.hibernate.HQL_FUNCTIONS              : String dayname(DATE arg)
2025-07-16T18:37:06.615Z DEBUG 23873 --- [           main] org.hibernate.HQL_FUNCTIONS              : Integer dayofmonth(DATE arg)
2025-07-16T18:37:06.615Z DEBUG 23873 --- [           main] org.hibernate.HQL_FUNCTIONS              : Integer dayofweek(DATE arg)
2025-07-16T18:37:06.615Z DEBUG 23873 --- [           main] org.hibernate.HQL_FUNCTIONS              : Integer dayofyear(DATE arg)
2025-07-16T18:37:06.616Z DEBUG 23873 --- [           main] org.hibernate.HQL_FUNCTIONS              : Double degrees(NUMERIC arg)
2025-07-16T18:37:06.616Z DEBUG 23873 --- [           main] org.hibernate.HQL_FUNCTIONS              : Long dense_rank([arg0[, ...]])
2025-07-16T18:37:06.616Z DEBUG 23873 --- [           main] org.hibernate.HQL_FUNCTIONS              : Boolean every(BOOLEAN arg)
2025-07-16T18:37:06.616Z DEBUG 23873 --- [           main] org.hibernate.HQL_FUNCTIONS              : Double exp(NUMERIC arg)
2025-07-16T18:37:06.616Z DEBUG 23873 --- [           main] org.hibernate.HQL_FUNCTIONS              : extract(TEMPORAL_UNIT field from TEMPORAL arg)
2025-07-16T18:37:06.616Z DEBUG 23873 --- [           main] org.hibernate.HQL_FUNCTIONS              : first_valueANY value
2025-07-16T18:37:06.616Z DEBUG 23873 --- [           main] org.hibernate.HQL_FUNCTIONS              : floor(NUMERIC arg)
2025-07-16T18:37:06.616Z DEBUG 23873 --- [           main] org.hibernate.HQL_FUNCTIONS              : String format(TEMPORAL datetime as STRING pattern)
2025-07-16T18:37:06.616Z DEBUG 23873 --- [           main] org.hibernate.HQL_FUNCTIONS              : greatest(COMPARABLE arg0, COMPARABLE arg1[, arg2[, ...]])
2025-07-16T18:37:06.616Z DEBUG 23873 --- [           main] org.hibernate.HQL_FUNCTIONS              : Integer hour(TIME arg)
2025-07-16T18:37:06.617Z DEBUG 23873 --- [           main] org.hibernate.HQL_FUNCTIONS              : ifnull(arg0, arg1)
2025-07-16T18:37:06.617Z DEBUG 23873 --- [           main] org.hibernate.HQL_FUNCTIONS              : String insert(STRING string, INTEGER start, INTEGER length, STRING replacement)
2025-07-16T18:37:06.617Z DEBUG 23873 --- [           main] org.hibernate.HQL_FUNCTIONS              : Instant instant
2025-07-16T18:37:06.617Z DEBUG 23873 --- [           main] org.hibernate.HQL_FUNCTIONS              : Integer instr(STRING string, STRING pattern[, INTEGER start[, INTEGER occurrence]])
2025-07-16T18:37:06.617Z DEBUG 23873 --- [           main] org.hibernate.HQL_FUNCTIONS              : lagANY value[, INTEGER offset[, ANY default]]
2025-07-16T18:37:06.617Z DEBUG 23873 --- [           main] org.hibernate.HQL_FUNCTIONS              : Date last_day(DATE arg)
2025-07-16T18:37:06.617Z DEBUG 23873 --- [           main] org.hibernate.HQL_FUNCTIONS              : last_valueANY value
2025-07-16T18:37:06.617Z DEBUG 23873 --- [           main] org.hibernate.HQL_FUNCTIONS              : leadANY value[, INTEGER offset[, ANY default]]
2025-07-16T18:37:06.617Z DEBUG 23873 --- [           main] org.hibernate.HQL_FUNCTIONS              : least(COMPARABLE arg0, COMPARABLE arg1[, arg2[, ...]])
2025-07-16T18:37:06.617Z DEBUG 23873 --- [           main] org.hibernate.HQL_FUNCTIONS              : String left(STRING string, INTEGER length)
2025-07-16T18:37:06.617Z DEBUG 23873 --- [           main] org.hibernate.HQL_FUNCTIONS              : Integer length(STRING_OR_CLOB arg)
2025-07-16T18:37:06.618Z DEBUG 23873 --- [           main] org.hibernate.HQL_FUNCTIONS              : String listagg(STRING arg0, STRING arg1)
2025-07-16T18:37:06.618Z DEBUG 23873 --- [           main] org.hibernate.HQL_FUNCTIONS              : Double ln(NUMERIC arg)
2025-07-16T18:37:06.618Z DEBUG 23873 --- [           main] org.hibernate.HQL_FUNCTIONS              : LocalDate local date
2025-07-16T18:37:06.618Z DEBUG 23873 --- [           main] org.hibernate.HQL_FUNCTIONS              : LocalDateTime local datetime
2025-07-16T18:37:06.618Z DEBUG 23873 --- [           main] org.hibernate.HQL_FUNCTIONS              : LocalTime local time
2025-07-16T18:37:06.618Z DEBUG 23873 --- [           main] org.hibernate.HQL_FUNCTIONS              : LocalDate local_date
2025-07-16T18:37:06.618Z DEBUG 23873 --- [           main] org.hibernate.HQL_FUNCTIONS              : LocalDateTime local_datetime
2025-07-16T18:37:06.618Z DEBUG 23873 --- [           main] org.hibernate.HQL_FUNCTIONS              : LocalTime local_time
2025-07-16T18:37:06.618Z DEBUG 23873 --- [           main] org.hibernate.HQL_FUNCTIONS              : Timestamp localtime
2025-07-16T18:37:06.618Z DEBUG 23873 --- [           main] org.hibernate.HQL_FUNCTIONS              : Timestamp localtimestamp
2025-07-16T18:37:06.618Z DEBUG 23873 --- [           main] org.hibernate.HQL_FUNCTIONS              : Integer locate(STRING pattern, STRING string[, INTEGER start])
2025-07-16T18:37:06.619Z DEBUG 23873 --- [           main] org.hibernate.HQL_FUNCTIONS              : Double log(NUMERIC arg0[, NUMERIC arg1])
2025-07-16T18:37:06.619Z DEBUG 23873 --- [           main] org.hibernate.HQL_FUNCTIONS              : Double log10(NUMERIC arg)
2025-07-16T18:37:06.619Z DEBUG 23873 --- [           main] org.hibernate.HQL_FUNCTIONS              : Double log2(NUMERIC arg)
2025-07-16T18:37:06.619Z DEBUG 23873 --- [           main] org.hibernate.HQL_FUNCTIONS              : String lower(STRING string)
2025-07-16T18:37:06.619Z DEBUG 23873 --- [           main] org.hibernate.HQL_FUNCTIONS              : String lpad(string, length[, padding])
2025-07-16T18:37:06.619Z DEBUG 23873 --- [           main] org.hibernate.HQL_FUNCTIONS              : String ltrim(STRING string[, STRING characters])
2025-07-16T18:37:06.619Z DEBUG 23873 --- [           main] org.hibernate.HQL_FUNCTIONS              : Date makedate(INTEGER year, INTEGER dayofyear)
2025-07-16T18:37:06.619Z DEBUG 23873 --- [           main] org.hibernate.HQL_FUNCTIONS              : Time maketime(INTEGER hour, INTEGER min, INTEGER sec)
2025-07-16T18:37:06.620Z DEBUG 23873 --- [           main] org.hibernate.HQL_FUNCTIONS              : max(COMPARABLE arg)
2025-07-16T18:37:06.620Z DEBUG 23873 --- [           main] org.hibernate.HQL_FUNCTIONS              : String md5(arg)
2025-07-16T18:37:06.620Z DEBUG 23873 --- [           main] org.hibernate.HQL_FUNCTIONS              : Integer microsecond(TIME arg)
2025-07-16T18:37:06.620Z DEBUG 23873 --- [           main] org.hibernate.HQL_FUNCTIONS              : min(COMPARABLE arg)
2025-07-16T18:37:06.620Z DEBUG 23873 --- [           main] org.hibernate.HQL_FUNCTIONS              : Integer minute(TIME arg)
2025-07-16T18:37:06.620Z DEBUG 23873 --- [           main] org.hibernate.HQL_FUNCTIONS              : Integer mod(INTEGER arg0, INTEGER arg1)
2025-07-16T18:37:06.620Z DEBUG 23873 --- [           main] org.hibernate.HQL_FUNCTIONS              : Integer month(DATE arg)
2025-07-16T18:37:06.620Z DEBUG 23873 --- [           main] org.hibernate.HQL_FUNCTIONS              : String monthname(DATE arg)
2025-07-16T18:37:06.621Z DEBUG 23873 --- [           main] org.hibernate.HQL_FUNCTIONS              : Timestamp now()
2025-07-16T18:37:06.621Z DEBUG 23873 --- [           main] org.hibernate.HQL_FUNCTIONS              : nth_valueANY value, INTEGER nth
2025-07-16T18:37:06.621Z DEBUG 23873 --- [           main] org.hibernate.HQL_FUNCTIONS              : nullif(arg0, arg1)
2025-07-16T18:37:06.621Z DEBUG 23873 --- [           main] org.hibernate.HQL_FUNCTIONS              : Integer octet_length(STRING_OR_CLOB arg)
2025-07-16T18:37:06.621Z DEBUG 23873 --- [           main] org.hibernate.HQL_FUNCTIONS              : OffsetDateTime offset datetime
2025-07-16T18:37:06.621Z DEBUG 23873 --- [           main] org.hibernate.HQL_FUNCTIONS              : OffsetDateTime offset_datetime
2025-07-16T18:37:06.621Z DEBUG 23873 --- [           main] org.hibernate.HQL_FUNCTIONS              : String overlay(STRING string placing STRING replacement from INTEGER start[ for INTEGER length])
2025-07-16T18:37:06.621Z DEBUG 23873 --- [           main] org.hibernate.HQL_FUNCTIONS              : String pad(STRING string with INTEGER length {leading|trailing}[ STRING character])
2025-07-16T18:37:06.621Z DEBUG 23873 --- [           main] org.hibernate.HQL_FUNCTIONS              : Double percent_rank([arg0[, ...]])
2025-07-16T18:37:06.621Z DEBUG 23873 --- [           main] org.hibernate.HQL_FUNCTIONS              : Double pi
2025-07-16T18:37:06.622Z DEBUG 23873 --- [           main] org.hibernate.HQL_FUNCTIONS              : Integer position(STRING pattern in STRING string)
2025-07-16T18:37:06.622Z DEBUG 23873 --- [           main] org.hibernate.HQL_FUNCTIONS              : Double power(NUMERIC arg0, NUMERIC arg1)
2025-07-16T18:37:06.622Z DEBUG 23873 --- [           main] org.hibernate.HQL_FUNCTIONS              : Integer quarter(DATE arg)
2025-07-16T18:37:06.622Z DEBUG 23873 --- [           main] org.hibernate.HQL_FUNCTIONS              : Double radians(NUMERIC arg)
2025-07-16T18:37:06.622Z DEBUG 23873 --- [           main] org.hibernate.HQL_FUNCTIONS              : Double rand([INTEGER seed])
2025-07-16T18:37:06.622Z DEBUG 23873 --- [           main] org.hibernate.HQL_FUNCTIONS              : Long rank([arg0[, ...]])
2025-07-16T18:37:06.622Z DEBUG 23873 --- [           main] org.hibernate.HQL_FUNCTIONS              : String repeat(STRING string, INTEGER times)
2025-07-16T18:37:06.622Z DEBUG 23873 --- [           main] org.hibernate.HQL_FUNCTIONS              : String replace(STRING string, STRING pattern, STRING replacement)
2025-07-16T18:37:06.623Z DEBUG 23873 --- [           main] org.hibernate.HQL_FUNCTIONS              : String reverse(STRING arg)
2025-07-16T18:37:06.623Z DEBUG 23873 --- [           main] org.hibernate.HQL_FUNCTIONS              : String right(STRING string, INTEGER length)
2025-07-16T18:37:06.623Z DEBUG 23873 --- [           main] org.hibernate.HQL_FUNCTIONS              : round(NUMERIC number[, INTEGER places])
2025-07-16T18:37:06.623Z DEBUG 23873 --- [           main] org.hibernate.HQL_FUNCTIONS              : Long row_number()
2025-07-16T18:37:06.624Z DEBUG 23873 --- [           main] org.hibernate.HQL_FUNCTIONS              : String rpad(string, length[, padding])
2025-07-16T18:37:06.624Z DEBUG 23873 --- [           main] org.hibernate.HQL_FUNCTIONS              : String rtrim(STRING string[, STRING characters])
2025-07-16T18:37:06.624Z DEBUG 23873 --- [           main] org.hibernate.HQL_FUNCTIONS              : Integer second(TIME arg)
2025-07-16T18:37:06.624Z DEBUG 23873 --- [           main] org.hibernate.HQL_FUNCTIONS              : String sha(arg)
2025-07-16T18:37:06.624Z DEBUG 23873 --- [           main] org.hibernate.HQL_FUNCTIONS              : String sha1(arg)
2025-07-16T18:37:06.624Z DEBUG 23873 --- [           main] org.hibernate.HQL_FUNCTIONS              : String sha2(arg0, arg1)
2025-07-16T18:37:06.625Z DEBUG 23873 --- [           main] org.hibernate.HQL_FUNCTIONS              : Integer sign(NUMERIC arg)
2025-07-16T18:37:06.625Z DEBUG 23873 --- [           main] org.hibernate.HQL_FUNCTIONS              : Double sin(NUMERIC arg)
2025-07-16T18:37:06.625Z DEBUG 23873 --- [           main] org.hibernate.HQL_FUNCTIONS              : Double sinh(NUMERIC arg)
2025-07-16T18:37:06.625Z DEBUG 23873 --- [           main] org.hibernate.HQL_FUNCTIONS              : String soundex(arg)
2025-07-16T18:37:06.625Z DEBUG 23873 --- [           main] org.hibernate.HQL_FUNCTIONS              : String space(INTEGER arg)
2025-07-16T18:37:06.625Z DEBUG 23873 --- [           main] org.hibernate.HQL_FUNCTIONS              : Object sql
2025-07-16T18:37:06.626Z DEBUG 23873 --- [           main] org.hibernate.HQL_FUNCTIONS              : Double sqrt(NUMERIC arg)
2025-07-16T18:37:06.626Z DEBUG 23873 --- [           main] org.hibernate.HQL_FUNCTIONS              : Double stddev(NUMERIC arg)
2025-07-16T18:37:06.626Z DEBUG 23873 --- [           main] org.hibernate.HQL_FUNCTIONS              : Double stddev_pop(NUMERIC arg)
2025-07-16T18:37:06.626Z DEBUG 23873 --- [           main] org.hibernate.HQL_FUNCTIONS              : Double stddev_samp(NUMERIC arg)
2025-07-16T18:37:06.626Z DEBUG 23873 --- [           main] org.hibernate.HQL_FUNCTIONS              : String str(arg)
2025-07-16T18:37:06.627Z DEBUG 23873 --- [           main] org.hibernate.HQL_FUNCTIONS              : subdate(DATE datetime, INTEGER days)
2025-07-16T18:37:06.627Z DEBUG 23873 --- [           main] org.hibernate.HQL_FUNCTIONS              : String substr(STRING string, INTEGER start[, INTEGER length])
2025-07-16T18:37:06.627Z DEBUG 23873 --- [           main] org.hibernate.HQL_FUNCTIONS              : String substring(STRING string{ from|,} INTEGER start[{ for|,} INTEGER length])
2025-07-16T18:37:06.627Z DEBUG 23873 --- [           main] org.hibernate.HQL_FUNCTIONS              : subtime(TIME datetime, TIME time)
2025-07-16T18:37:06.627Z DEBUG 23873 --- [           main] org.hibernate.HQL_FUNCTIONS              : sum(arg)
2025-07-16T18:37:06.627Z DEBUG 23873 --- [           main] org.hibernate.HQL_FUNCTIONS              : Timestamp sysdate()
2025-07-16T18:37:06.627Z DEBUG 23873 --- [           main] org.hibernate.HQL_FUNCTIONS              : Double tan(NUMERIC arg)
2025-07-16T18:37:06.627Z DEBUG 23873 --- [           main] org.hibernate.HQL_FUNCTIONS              : Double tanh(NUMERIC arg)
2025-07-16T18:37:06.627Z DEBUG 23873 --- [           main] org.hibernate.HQL_FUNCTIONS              : String time(arg)
2025-07-16T18:37:06.627Z DEBUG 23873 --- [           main] org.hibernate.HQL_FUNCTIONS              : Timestamp timestamp(arg0[, arg1])
2025-07-16T18:37:06.628Z DEBUG 23873 --- [           main] org.hibernate.HQL_FUNCTIONS              : timestampadd(TEMPORAL_UNIT field, INTEGER magnitude, TEMPORAL datetime)
2025-07-16T18:37:06.628Z DEBUG 23873 --- [           main] org.hibernate.HQL_FUNCTIONS              : Long|Double timestampdiff(TEMPORAL_UNIT field, TEMPORAL start, TEMPORAL end)
2025-07-16T18:37:06.628Z DEBUG 23873 --- [           main] org.hibernate.HQL_FUNCTIONS              : String trim([[{leading|trailing|both} ][STRING arg0 ]from] STRING arg1)
2025-07-16T18:37:06.628Z DEBUG 23873 --- [           main] org.hibernate.HQL_FUNCTIONS              : trunc( ... )
2025-07-16T18:37:06.628Z DEBUG 23873 --- [           main] org.hibernate.HQL_FUNCTIONS              : truncate( ... )
2025-07-16T18:37:06.628Z DEBUG 23873 --- [           main] org.hibernate.HQL_FUNCTIONS              : String upper(STRING string)
2025-07-16T18:37:06.629Z DEBUG 23873 --- [           main] org.hibernate.HQL_FUNCTIONS              : Date utc_date
2025-07-16T18:37:06.629Z DEBUG 23873 --- [           main] org.hibernate.HQL_FUNCTIONS              : Time utc_time
2025-07-16T18:37:06.629Z DEBUG 23873 --- [           main] org.hibernate.HQL_FUNCTIONS              : Timestamp utc_timestamp
2025-07-16T18:37:06.629Z DEBUG 23873 --- [           main] org.hibernate.HQL_FUNCTIONS              : Double var_pop(NUMERIC arg)
2025-07-16T18:37:06.629Z DEBUG 23873 --- [           main] org.hibernate.HQL_FUNCTIONS              : Double var_samp(NUMERIC arg)
2025-07-16T18:37:06.629Z DEBUG 23873 --- [           main] org.hibernate.HQL_FUNCTIONS              : Double variance(NUMERIC arg)
2025-07-16T18:37:06.629Z DEBUG 23873 --- [           main] org.hibernate.HQL_FUNCTIONS              : Integer week(DATE arg)
2025-07-16T18:37:06.629Z DEBUG 23873 --- [           main] org.hibernate.HQL_FUNCTIONS              : Integer year(DATE arg)
2025-07-16T18:37:06.636Z DEBUG 23873 --- [           main] org.hibernate.orm.query.plan.cache       : Starting QueryInterpretationCache(2048)
2025-07-16T18:37:06.804Z DEBUG 23873 --- [           main] .h.s.i.SessionFactoryServiceRegistryImpl : EventListenerRegistry access via ServiceRegistry is deprecated.  Use `sessionFactory.getEventEngine().getListenerRegistry()` instead
2025-07-16T18:37:06.806Z DEBUG 23873 --- [           main] h.e.i.EntityCopyObserverFactoryInitiator : Configured EntityCopyObserver strategy: disallow
2025-07-16T18:37:06.836Z DEBUG 23873 --- [           main] o.hibernate.orm.model.mapping.creation   : Starting post-init callbacks
2025-07-16T18:37:06.860Z  INFO 23873 --- [           main] o.h.e.t.j.p.i.JtaPlatformInitiator       : HHH000489: No JTA platform available (set 'hibernate.transaction.jta.platform' to enable JTA platform integration)
2025-07-16T18:37:06.861Z DEBUG 23873 --- [           main] o.h.type.spi.TypeConfiguration$Scope     : Scoping TypeConfiguration [org.hibernate.type.spi.TypeConfiguration@28b5662d] to SessionFactoryImplementor [org.hibernate.internal.SessionFactoryImpl@2c3679e5]
2025-07-16T18:37:06.863Z DEBUG 23873 --- [           main] o.h.query.named.NamedObjectRepository    : Checking 0 named HQL queries
2025-07-16T18:37:06.864Z DEBUG 23873 --- [           main] o.h.query.named.NamedObjectRepository    : Checking 0 named SQL queries
2025-07-16T18:37:06.868Z DEBUG 23873 --- [           main] .h.t.s.s.SchemaManagementToolCoordinator : No actions found; doing nothing
2025-07-16T18:37:06.871Z DEBUG 23873 --- [           main] o.h.internal.SessionFactoryRegistry      : Initializing SessionFactoryRegistry : org.hibernate.internal.SessionFactoryRegistry@2e44cb34
2025-07-16T18:37:06.871Z DEBUG 23873 --- [           main] o.h.internal.SessionFactoryRegistry      : Registering SessionFactory: 162a9b34-7e01-412f-9819-abbbb48e5a1b (<unnamed>)
2025-07-16T18:37:06.871Z DEBUG 23873 --- [           main] o.h.internal.SessionFactoryRegistry      : Not binding SessionFactory to JNDI, no JNDI name configured
2025-07-16T18:37:06.871Z DEBUG 23873 --- [           main] o.hibernate.internal.SessionFactoryImpl  : Instantiated SessionFactory
2025-07-16T18:37:06.872Z  INFO 23873 --- [           main] j.LocalContainerEntityManagerFactoryBean : Initialized JPA EntityManagerFactory for persistence unit 'default'
2025-07-16T18:37:07.331Z  WARN 23873 --- [           main] JpaBaseConfiguration$JpaWebConfiguration : spring.jpa.open-in-view is enabled by default. Therefore, database queries may be performed during view rendering. Explicitly configure spring.jpa.open-in-view to disable this warning
2025-07-16T18:37:09.268Z  WARN 23873 --- [           main] .s.s.UserDetailsServiceAutoConfiguration : 

Using generated security password: 60d81cd9-1eb1-4191-bd7c-ce610285168e

This generated password is for development use only. Your security configuration must be updated before running your application in production.

2025-07-16T18:37:09.280Z  INFO 23873 --- [           main] r$InitializeUserDetailsManagerConfigurer : Global AuthenticationManager configured with UserDetailsService bean with name inMemoryUserDetailsManager
2025-07-16T18:37:09.598Z  INFO 23873 --- [           main] backend.BackendApplicationTests          : Started BackendApplicationTests in 10.128 seconds (process running for 12.341)
]]></system-out>
    <system-err><![CDATA[Mockito is currently self-attaching to enable the inline-mock-maker. This will no longer work in future releases of the JDK. Please add Mockito as an agent to your build as described in Mockito's documentation: https://javadoc.io/doc/org.mockito/mockito-core/latest/org.mockito/org/mockito/Mockito.html#0.3
WARNING: A Java agent has been loaded dynamically (/home/cheruiyotkelvincollins/.m2/repository/net/bytebuddy/byte-buddy-agent/1.17.6/byte-buddy-agent-1.17.6.jar)
WARNING: If a serviceability tool is in use, please run with -XX:+EnableDynamicAgentLoading to hide this warning
WARNING: If a serviceability tool is not in use, please run with -Djdk.instrument.traceUsage for more information
WARNING: Dynamic loading of agents will be disallowed by default in a future release
]]></system-err>
  </testcase>
</testsuite>